This file contains any messages produced by compilers while
running configure, to aid debugging if configure makes a mistake.

It was created by libdaemon configure 0.14, which was
generated by GNU Autoconf 2.68.  Invocation command line was

  $ ./configure 

## --------- ##
## Platform. ##
## --------- ##

hostname = bwcpn
uname -m = i686
uname -r = 3.5.0-36-generic
uname -s = Linux
uname -v = #57~precise1-Ubuntu SMP Thu Jun 20 15:22:35 UTC 2013

/usr/bin/uname -p = unknown
/bin/uname -X     = unknown

/bin/arch              = unknown
/usr/bin/arch -k       = unknown
/usr/convex/getsysinfo = unknown
/usr/bin/hostinfo      = unknown
/bin/machine           = unknown
/usr/bin/oslevel       = unknown
/bin/universe          = unknown

PATH: /usr/local/sbin
PATH: /usr/local/bin
PATH: /usr/sbin
PATH: /usr/bin
PATH: /sbin
PATH: /bin
PATH: /usr/bin/X11
PATH: /usr/games
PATH: /sbin
PATH: /usr/sbin
PATH: /usr/local/sbin
PATH: /usr/local/arm_linux_4.3/usr/bin


## ----------- ##
## Core tests. ##
## ----------- ##

configure:2438: checking for a BSD-compatible install
configure:2506: result: /usr/bin/install -c
configure:2517: checking whether build environment is sane
configure:2567: result: yes
configure:2708: checking for a thread-safe mkdir -p
configure:2747: result: /bin/mkdir -p
configure:2760: checking for gawk
configure:2776: found /usr/bin/gawk
configure:2787: result: gawk
configure:2798: checking whether make sets $(MAKE)
configure:2820: result: yes
configure:2924: checking whether make supports nested variables
configure:2941: result: yes
configure:3002: checking for gcc
configure:3018: found /usr/bin/gcc
configure:3029: result: gcc
configure:3258: checking for C compiler version
configure:3267: gcc --version >&5
gcc (Ubuntu/Linaro 4.6.3-1ubuntu5) 4.6.3
Copyright (C) 2011 Free Software Foundation, Inc.
This is free software; see the source for copying conditions.  There is NO
warranty; not even for MERCHANTABILITY or FITNESS FOR A PARTICULAR PURPOSE.

configure:3278: $? = 0
configure:3267: gcc -v >&5
Using built-in specs.
COLLECT_GCC=gcc
COLLECT_LTO_WRAPPER=/usr/lib/gcc/i686-linux-gnu/4.6/lto-wrapper
Target: i686-linux-gnu
Configured with: ../src/configure -v --with-pkgversion='Ubuntu/Linaro 4.6.3-1ubuntu5' --with-bugurl=file:///usr/share/doc/gcc-4.6/README.Bugs --enable-languages=c,c++,fortran,objc,obj-c++ --prefix=/usr --program-suffix=-4.6 --enable-shared --enable-linker-build-id --with-system-zlib --libexecdir=/usr/lib --without-included-gettext --enable-threads=posix --with-gxx-include-dir=/usr/include/c++/4.6 --libdir=/usr/lib --enable-nls --with-sysroot=/ --enable-clocale=gnu --enable-libstdcxx-debug --enable-libstdcxx-time=yes --enable-gnu-unique-object --enable-plugin --enable-objc-gc --enable-targets=all --disable-werror --with-arch-32=i686 --with-tune=generic --enable-checking=release --build=i686-linux-gnu --host=i686-linux-gnu --target=i686-linux-gnu
Thread model: posix
gcc version 4.6.3 (Ubuntu/Linaro 4.6.3-1ubuntu5) 
configure:3278: $? = 0
configure:3267: gcc -V >&5
gcc: error: unrecognized option '-V'
gcc: fatal error: no input files
compilation terminated.
configure:3278: $? = 4
configure:3267: gcc -qversion >&5
gcc: error: unrecognized option '-qversion'
gcc: fatal error: no input files
compilation terminated.
configure:3278: $? = 4
configure:3298: checking whether the C compiler works
configure:3320: gcc    conftest.c  >&5
configure:3324: $? = 0
configure:3372: result: yes
configure:3375: checking for C compiler default output file name
configure:3377: result: a.out
configure:3383: checking for suffix of executables
configure:3390: gcc -o conftest    conftest.c  >&5
configure:3394: $? = 0
configure:3416: result: 
configure:3438: checking whether we are cross compiling
configure:3446: gcc -o conftest    conftest.c  >&5
configure:3450: $? = 0
configure:3457: ./conftest
configure:3461: $? = 0
configure:3476: result: no
configure:3481: checking for suffix of object files
configure:3503: gcc -c   conftest.c >&5
configure:3507: $? = 0
configure:3528: result: o
configure:3532: checking whether we are using the GNU C compiler
configure:3551: gcc -c   conftest.c >&5
configure:3551: $? = 0
configure:3560: result: yes
configure:3569: checking whether gcc accepts -g
configure:3589: gcc -c -g  conftest.c >&5
configure:3589: $? = 0
configure:3630: result: yes
configure:3647: checking for gcc option to accept ISO C89
configure:3711: gcc  -c -g -O2  conftest.c >&5
configure:3711: $? = 0
configure:3724: result: none needed
configure:3755: checking for style of include used by make
configure:3783: result: GNU
configure:3809: checking dependency style of gcc
configure:3920: result: gcc3
configure:3935: checking for gcc option to accept ISO C99
configure:4084: gcc  -c -g -O2  conftest.c >&5
conftest.c:61:29: error: expected ';', ',' or ')' before 'text'
conftest.c: In function 'main':
conftest.c:115:18: error: expected '=', ',', ';', 'asm' or '__attribute__' before 'newvar'
conftest.c:115:18: error: 'newvar' undeclared (first use in this function)
conftest.c:115:18: note: each undeclared identifier is reported only once for each function it appears in
conftest.c:125:3: error: 'for' loop initial declarations are only allowed in C99 mode
conftest.c:125:3: note: use option -std=c99 or -std=gnu99 to compile your code
configure:4084: $? = 1
configure: failed program was:
| /* confdefs.h */
| #define PACKAGE_NAME "libdaemon"
| #define PACKAGE_TARNAME "libdaemon"
| #define PACKAGE_VERSION "0.14"
| #define PACKAGE_STRING "libdaemon 0.14"
| #define PACKAGE_BUGREPORT "mzqnrzba (at) 0pointer (dot) de"
| #define PACKAGE_URL ""
| #define PACKAGE "libdaemon"
| #define VERSION "0.14"
| /* end confdefs.h.  */
| #include <stdarg.h>
| #include <stdbool.h>
| #include <stdlib.h>
| #include <wchar.h>
| #include <stdio.h>
| 
| // Check varargs macros.  These examples are taken from C99 6.10.3.5.
| #define debug(...) fprintf (stderr, __VA_ARGS__)
| #define showlist(...) puts (#__VA_ARGS__)
| #define report(test,...) ((test) ? puts (#test) : printf (__VA_ARGS__))
| static void
| test_varargs_macros (void)
| {
|   int x = 1234;
|   int y = 5678;
|   debug ("Flag");
|   debug ("X = %d\n", x);
|   showlist (The first, second, and third items.);
|   report (x>y, "x is %d but y is %d", x, y);
| }
| 
| // Check long long types.
| #define BIG64 18446744073709551615ull
| #define BIG32 4294967295ul
| #define BIG_OK (BIG64 / BIG32 == 4294967297ull && BIG64 % BIG32 == 0)
| #if !BIG_OK
|   your preprocessor is broken;
| #endif
| #if BIG_OK
| #else
|   your preprocessor is broken;
| #endif
| static long long int bignum = -9223372036854775807LL;
| static unsigned long long int ubignum = BIG64;
| 
| struct incomplete_array
| {
|   int datasize;
|   double data[];
| };
| 
| struct named_init {
|   int number;
|   const wchar_t *name;
|   double average;
| };
| 
| typedef const char *ccp;
| 
| static inline int
| test_restrict (ccp restrict text)
| {
|   // See if C++-style comments work.
|   // Iterate through items via the restricted pointer.
|   // Also check for declarations in for loops.
|   for (unsigned int i = 0; *(text+i) != '\0'; ++i)
|     continue;
|   return 0;
| }
| 
| // Check varargs and va_copy.
| static void
| test_varargs (const char *format, ...)
| {
|   va_list args;
|   va_start (args, format);
|   va_list args_copy;
|   va_copy (args_copy, args);
| 
|   const char *str;
|   int number;
|   float fnumber;
| 
|   while (*format)
|     {
|       switch (*format++)
| 	{
| 	case 's': // string
| 	  str = va_arg (args_copy, const char *);
| 	  break;
| 	case 'd': // int
| 	  number = va_arg (args_copy, int);
| 	  break;
| 	case 'f': // float
| 	  fnumber = va_arg (args_copy, double);
| 	  break;
| 	default:
| 	  break;
| 	}
|     }
|   va_end (args_copy);
|   va_end (args);
| }
| 
| int
| main ()
| {
| 
|   // Check bool.
|   _Bool success = false;
| 
|   // Check restrict.
|   if (test_restrict ("String literal") == 0)
|     success = true;
|   char *restrict newvar = "Another string";
| 
|   // Check varargs.
|   test_varargs ("s, d' f .", "string", 65, 34.234);
|   test_varargs_macros ();
| 
|   // Check flexible array members.
|   struct incomplete_array *ia =
|     malloc (sizeof (struct incomplete_array) + (sizeof (double) * 10));
|   ia->datasize = 10;
|   for (int i = 0; i < ia->datasize; ++i)
|     ia->data[i] = i * 1.234;
| 
|   // Check named initializers.
|   struct named_init ni = {
|     .number = 34,
|     .name = L"Test wide string",
|     .average = 543.34343,
|   };
| 
|   ni.number = 58;
| 
|   int dynamic_array[ni.number];
|   dynamic_array[ni.number - 1] = 543;
| 
|   // work around unused variable warnings
|   return (!success || bignum == 0LL || ubignum == 0uLL || newvar[0] == 'x'
| 	  || dynamic_array[ni.number - 1] != 543);
| 
|   ;
|   return 0;
| }
configure:4084: gcc -std=gnu99 -c -g -O2  conftest.c >&5
configure:4084: $? = 0
configure:4104: result: -std=gnu99
configure:4112: checking whether gcc -std=gnu99 and cc understand -c and -o together
configure:4143: gcc -std=gnu99 -c conftest.c -o conftest2.o >&5
configure:4147: $? = 0
configure:4153: gcc -std=gnu99 -c conftest.c -o conftest2.o >&5
configure:4157: $? = 0
configure:4168: cc -c conftest.c >&5
configure:4172: $? = 0
configure:4180: cc -c conftest.c -o conftest2.o >&5
configure:4184: $? = 0
configure:4190: cc -c conftest.c -o conftest2.o >&5
configure:4194: $? = 0
configure:4212: result: yes
configure:4244: checking how to run the C preprocessor
configure:4275: gcc -std=gnu99 -E  conftest.c
configure:4275: $? = 0
configure:4289: gcc -std=gnu99 -E  conftest.c
conftest.c:11:28: fatal error: ac_nonexistent.h: No such file or directory
compilation terminated.
configure:4289: $? = 1
configure: failed program was:
| /* confdefs.h */
| #define PACKAGE_NAME "libdaemon"
| #define PACKAGE_TARNAME "libdaemon"
| #define PACKAGE_VERSION "0.14"
| #define PACKAGE_STRING "libdaemon 0.14"
| #define PACKAGE_BUGREPORT "mzqnrzba (at) 0pointer (dot) de"
| #define PACKAGE_URL ""
| #define PACKAGE "libdaemon"
| #define VERSION "0.14"
| /* end confdefs.h.  */
| #include <ac_nonexistent.h>
configure:4314: result: gcc -std=gnu99 -E
configure:4334: gcc -std=gnu99 -E  conftest.c
configure:4334: $? = 0
configure:4348: gcc -std=gnu99 -E  conftest.c
conftest.c:11:28: fatal error: ac_nonexistent.h: No such file or directory
compilation terminated.
configure:4348: $? = 1
configure: failed program was:
| /* confdefs.h */
| #define PACKAGE_NAME "libdaemon"
| #define PACKAGE_TARNAME "libdaemon"
| #define PACKAGE_VERSION "0.14"
| #define PACKAGE_STRING "libdaemon 0.14"
| #define PACKAGE_BUGREPORT "mzqnrzba (at) 0pointer (dot) de"
| #define PACKAGE_URL ""
| #define PACKAGE "libdaemon"
| #define VERSION "0.14"
| /* end confdefs.h.  */
| #include <ac_nonexistent.h>
configure:4377: checking for grep that handles long lines and -e
configure:4435: result: /bin/grep
configure:4440: checking for egrep
configure:4502: result: /bin/grep -E
configure:4507: checking for ANSI C header files
configure:4527: gcc -std=gnu99 -c -g -O2  conftest.c >&5
configure:4527: $? = 0
configure:4600: gcc -std=gnu99 -o conftest -g -O2   conftest.c  >&5
configure:4600: $? = 0
configure:4600: ./conftest
configure:4600: $? = 0
configure:4611: result: yes
configure:4624: checking for sys/types.h
configure:4624: gcc -std=gnu99 -c -g -O2  conftest.c >&5
configure:4624: $? = 0
configure:4624: result: yes
configure:4624: checking for sys/stat.h
configure:4624: gcc -std=gnu99 -c -g -O2  conftest.c >&5
configure:4624: $? = 0
configure:4624: result: yes
configure:4624: checking for stdlib.h
configure:4624: gcc -std=gnu99 -c -g -O2  conftest.c >&5
configure:4624: $? = 0
configure:4624: result: yes
configure:4624: checking for string.h
configure:4624: gcc -std=gnu99 -c -g -O2  conftest.c >&5
configure:4624: $? = 0
configure:4624: result: yes
configure:4624: checking for memory.h
configure:4624: gcc -std=gnu99 -c -g -O2  conftest.c >&5
configure:4624: $? = 0
configure:4624: result: yes
configure:4624: checking for strings.h
configure:4624: gcc -std=gnu99 -c -g -O2  conftest.c >&5
configure:4624: $? = 0
configure:4624: result: yes
configure:4624: checking for inttypes.h
configure:4624: gcc -std=gnu99 -c -g -O2  conftest.c >&5
configure:4624: $? = 0
configure:4624: result: yes
configure:4624: checking for stdint.h
configure:4624: gcc -std=gnu99 -c -g -O2  conftest.c >&5
configure:4624: $? = 0
configure:4624: result: yes
configure:4624: checking for unistd.h
configure:4624: gcc -std=gnu99 -c -g -O2  conftest.c >&5
configure:4624: $? = 0
configure:4624: result: yes
configure:4637: checking minix/config.h usability
configure:4637: gcc -std=gnu99 -c -g -O2  conftest.c >&5
conftest.c:54:26: fatal error: minix/config.h: No such file or directory
compilation terminated.
configure:4637: $? = 1
configure: failed program was:
| /* confdefs.h */
| #define PACKAGE_NAME "libdaemon"
| #define PACKAGE_TARNAME "libdaemon"
| #define PACKAGE_VERSION "0.14"
| #define PACKAGE_STRING "libdaemon 0.14"
| #define PACKAGE_BUGREPORT "mzqnrzba (at) 0pointer (dot) de"
| #define PACKAGE_URL ""
| #define PACKAGE "libdaemon"
| #define VERSION "0.14"
| #define STDC_HEADERS 1
| #define HAVE_SYS_TYPES_H 1
| #define HAVE_SYS_STAT_H 1
| #define HAVE_STDLIB_H 1
| #define HAVE_STRING_H 1
| #define HAVE_MEMORY_H 1
| #define HAVE_STRINGS_H 1
| #define HAVE_INTTYPES_H 1
| #define HAVE_STDINT_H 1
| #define HAVE_UNISTD_H 1
| /* end confdefs.h.  */
| #include <stdio.h>
| #ifdef HAVE_SYS_TYPES_H
| # include <sys/types.h>
| #endif
| #ifdef HAVE_SYS_STAT_H
| # include <sys/stat.h>
| #endif
| #ifdef STDC_HEADERS
| # include <stdlib.h>
| # include <stddef.h>
| #else
| # ifdef HAVE_STDLIB_H
| #  include <stdlib.h>
| # endif
| #endif
| #ifdef HAVE_STRING_H
| # if !defined STDC_HEADERS && defined HAVE_MEMORY_H
| #  include <memory.h>
| # endif
| # include <string.h>
| #endif
| #ifdef HAVE_STRINGS_H
| # include <strings.h>
| #endif
| #ifdef HAVE_INTTYPES_H
| # include <inttypes.h>
| #endif
| #ifdef HAVE_STDINT_H
| # include <stdint.h>
| #endif
| #ifdef HAVE_UNISTD_H
| # include <unistd.h>
| #endif
| #include <minix/config.h>
configure:4637: result: no
configure:4637: checking minix/config.h presence
configure:4637: gcc -std=gnu99 -E  conftest.c
conftest.c:21:26: fatal error: minix/config.h: No such file or directory
compilation terminated.
configure:4637: $? = 1
configure: failed program was:
| /* confdefs.h */
| #define PACKAGE_NAME "libdaemon"
| #define PACKAGE_TARNAME "libdaemon"
| #define PACKAGE_VERSION "0.14"
| #define PACKAGE_STRING "libdaemon 0.14"
| #define PACKAGE_BUGREPORT "mzqnrzba (at) 0pointer (dot) de"
| #define PACKAGE_URL ""
| #define PACKAGE "libdaemon"
| #define VERSION "0.14"
| #define STDC_HEADERS 1
| #define HAVE_SYS_TYPES_H 1
| #define HAVE_SYS_STAT_H 1
| #define HAVE_STDLIB_H 1
| #define HAVE_STRING_H 1
| #define HAVE_MEMORY_H 1
| #define HAVE_STRINGS_H 1
| #define HAVE_INTTYPES_H 1
| #define HAVE_STDINT_H 1
| #define HAVE_UNISTD_H 1
| /* end confdefs.h.  */
| #include <minix/config.h>
configure:4637: result: no
configure:4637: checking for minix/config.h
configure:4637: result: no
configure:4658: checking whether it is safe to define __EXTENSIONS__
configure:4676: gcc -std=gnu99 -c -g -O2  conftest.c >&5
configure:4676: $? = 0
configure:4683: result: yes
configure:4699: checking whether ln -s works
configure:4703: result: yes
configure:4710: checking whether make sets $(MAKE)
configure:4732: result: yes
configure:4770: checking build system type
configure:4784: result: i686-pc-linux-gnu
configure:4804: checking host system type
configure:4817: result: i686-pc-linux-gnu
configure:4837: checking for a sed that does not truncate output
configure:4901: result: /bin/sed
configure:4919: checking for fgrep
configure:4981: result: /bin/grep -F
configure:5016: checking for ld used by gcc -std=gnu99
configure:5083: result: /usr/local/bin/ld
configure:5090: checking if the linker (/usr/local/bin/ld) is GNU ld
configure:5105: result: yes
configure:5117: checking for BSD- or MS-compatible name lister (nm)
configure:5166: result: /usr/local/bin/nm -B
configure:5284: checking the name lister (/usr/local/bin/nm -B) interface
configure:5291: gcc -std=gnu99 -c -g -O2  conftest.c >&5
configure:5294: /usr/local/bin/nm -B "conftest.o"
configure:5297: output
00000000 B some_variable
configure:5304: result: BSD nm
configure:5308: checking the maximum length of command line arguments
configure:5428: result: 1572864
configure:5445: checking whether the shell understands some XSI constructs
configure:5455: result: yes
configure:5459: checking whether the shell understands "+="
configure:5465: result: yes
configure:5500: checking for /usr/local/bin/ld option to reload object files
configure:5507: result: -r
configure:5576: checking for objdump
configure:5592: found /usr/local/bin/objdump
configure:5603: result: objdump
configure:5635: checking how to recognize dependent libraries
configure:5831: result: pass_all
configure:5891: checking for ar
configure:5907: found /usr/local/bin/ar
configure:5918: result: ar
configure:5996: checking for strip
configure:6012: found /usr/local/bin/strip
configure:6023: result: strip
configure:6095: checking for ranlib
configure:6111: found /usr/local/bin/ranlib
configure:6122: result: ranlib
configure:6212: checking command to parse /usr/local/bin/nm -B output from gcc -std=gnu99 object
configure:6330: gcc -std=gnu99 -c -g -O2  conftest.c >&5
configure:6333: $? = 0
configure:6337: /usr/local/bin/nm -B conftest.o \| sed -n -e 's/^.*[	 ]\([ABCDGIRSTW][ABCDGIRSTW]*\)[	 ][	 ]*\([_A-Za-z][_A-Za-z0-9]*\)$/\1 \2 \2/p' \> conftest.nm
configure:6340: $? = 0
configure:6393: gcc -std=gnu99 -o conftest -g -O2   conftest.c conftstm.o >&5
configure:6396: $? = 0
configure:6434: result: ok
configure:7239: checking for dlfcn.h
configure:7239: gcc -std=gnu99 -c -g -O2  conftest.c >&5
configure:7239: $? = 0
configure:7239: result: yes
configure:7423: checking for objdir
configure:7438: result: .libs
configure:7734: checking if gcc -std=gnu99 supports -fno-rtti -fno-exceptions
configure:7752: gcc -std=gnu99 -c -g -O2  -fno-rtti -fno-exceptions conftest.c >&5
cc1: warning: command line option '-fno-rtti' is valid for C++/ObjC++ but not for C [enabled by default]
configure:7756: $? = 0
configure:7769: result: no
configure:7789: checking for gcc -std=gnu99 option to produce PIC
configure:8061: result: -fPIC -DPIC
configure:8073: checking if gcc -std=gnu99 PIC flag -fPIC -DPIC works
configure:8091: gcc -std=gnu99 -c -g -O2  -fPIC -DPIC -DPIC conftest.c >&5
configure:8095: $? = 0
configure:8108: result: yes
configure:8132: checking if gcc -std=gnu99 static flag -static works
configure:8160: result: yes
configure:8175: checking if gcc -std=gnu99 supports -c -o file.o
configure:8196: gcc -std=gnu99 -c -g -O2  -o out/conftest2.o conftest.c >&5
configure:8200: $? = 0
configure:8222: result: yes
configure:8230: checking if gcc -std=gnu99 supports -c -o file.o
configure:8277: result: yes
configure:8310: checking whether the gcc -std=gnu99 linker (/usr/local/bin/ld) supports shared libraries
configure:9296: result: yes
configure:9333: checking whether -lc should be explicitly linked in
configure:9338: gcc -std=gnu99 -c -g -O2  conftest.c >&5
configure:9341: $? = 0
configure:9356: gcc -std=gnu99 -shared conftest.o  -v -Wl,-soname -Wl,conftest -o conftest 2\>\&1 \| /bin/grep  -lc  \>/dev/null 2\>\&1
configure:9359: $? = 0
configure:9371: result: no
configure:9535: checking dynamic linker characteristics
configure:9968: gcc -std=gnu99 -o conftest -g -O2   -Wl,-rpath -Wl,/foo conftest.c  >&5
configure:9968: $? = 0
configure:10189: result: GNU/Linux ld.so
configure:10291: checking how to hardcode library paths into programs
configure:10316: result: immediate
configure:10836: checking whether stripping libraries is possible
configure:10841: result: yes
configure:10876: checking if libtool supports shared libraries
configure:10878: result: yes
configure:10881: checking whether to build shared libraries
configure:10902: result: yes
configure:10905: checking whether to build static libraries
configure:10909: result: yes
configure:10948: checking if gcc -std=gnu99 supports -pipe flag
configure:10963: gcc -std=gnu99 -c -g -O2 -pipe  conftest.c >&5
configure:10963: $? = 0
configure:10980: result: yes
configure:10948: checking if gcc -std=gnu99 supports -Wall flag
configure:10963: gcc -std=gnu99 -c -g -O2 -pipe -Wall  conftest.c >&5
configure:10963: $? = 0
configure:10980: result: yes
configure:10948: checking if gcc -std=gnu99 supports -W flag
configure:10963: gcc -std=gnu99 -c -g -O2 -pipe -Wall -W  conftest.c >&5
configure:10963: $? = 0
configure:10980: result: yes
configure:10948: checking if gcc -std=gnu99 supports -Wextra flag
configure:10963: gcc -std=gnu99 -c -g -O2 -pipe -Wall -W -Wextra  conftest.c >&5
configure:10963: $? = 0
configure:10980: result: yes
configure:10948: checking if gcc -std=gnu99 supports -pedantic flag
configure:10963: gcc -std=gnu99 -c -g -O2 -pipe -Wall -W -Wextra -pedantic  conftest.c >&5
configure:10963: $? = 0
configure:10980: result: yes
configure:10948: checking if gcc -std=gnu99 supports -Wformat flag
configure:10963: gcc -std=gnu99 -c -g -O2 -pipe -Wall -W -Wextra -pedantic -Wformat  conftest.c >&5
configure:10963: $? = 0
configure:10980: result: yes
configure:10948: checking if gcc -std=gnu99 supports -Wold-style-definition flag
configure:10963: gcc -std=gnu99 -c -g -O2 -pipe -Wall -W -Wextra -pedantic -Wformat -Wold-style-definition  conftest.c >&5
configure:10963: $? = 0
configure:10980: result: yes
configure:10948: checking if gcc -std=gnu99 supports -Wdeclaration-after-statement flag
configure:10963: gcc -std=gnu99 -c -g -O2 -pipe -Wall -W -Wextra -pedantic -Wformat -Wold-style-definition -Wdeclaration-after-statement  conftest.c >&5
configure:10963: $? = 0
configure:10980: result: yes
configure:10948: checking if gcc -std=gnu99 supports -Wfloat-equal flag
configure:10963: gcc -std=gnu99 -c -g -O2 -pipe -Wall -W -Wextra -pedantic -Wformat -Wold-style-definition -Wdeclaration-after-statement -Wfloat-equal  conftest.c >&5
configure:10963: $? = 0
configure:10980: result: yes
configure:10948: checking if gcc -std=gnu99 supports -Wmissing-declarations flag
configure:10963: gcc -std=gnu99 -c -g -O2 -pipe -Wall -W -Wextra -pedantic -Wformat -Wold-style-definition -Wdeclaration-after-statement -Wfloat-equal -Wmissing-declarations  conftest.c >&5
configure:10963: $? = 0
configure:10980: result: yes
configure:10948: checking if gcc -std=gnu99 supports -Wmissing-prototypes flag
configure:10963: gcc -std=gnu99 -c -g -O2 -pipe -Wall -W -Wextra -pedantic -Wformat -Wold-style-definition -Wdeclaration-after-statement -Wfloat-equal -Wmissing-declarations -Wmissing-prototypes  conftest.c >&5
configure:10963: $? = 0
configure:10980: result: yes
configure:10948: checking if gcc -std=gnu99 supports -Wstrict-prototypes flag
configure:10963: gcc -std=gnu99 -c -g -O2 -pipe -Wall -W -Wextra -pedantic -Wformat -Wold-style-definition -Wdeclaration-after-statement -Wfloat-equal -Wmissing-declarations -Wmissing-prototypes -Wstrict-prototypes  conftest.c >&5
configure:10963: $? = 0
configure:10980: result: yes
configure:10948: checking if gcc -std=gnu99 supports -Wredundant-decls flag
configure:10963: gcc -std=gnu99 -c -g -O2 -pipe -Wall -W -Wextra -pedantic -Wformat -Wold-style-definition -Wdeclaration-after-statement -Wfloat-equal -Wmissing-declarations -Wmissing-prototypes -Wstrict-prototypes -Wredundant-decls  conftest.c >&5
configure:10963: $? = 0
configure:10980: result: yes
configure:10948: checking if gcc -std=gnu99 supports -Wmissing-noreturn flag
configure:10963: gcc -std=gnu99 -c -g -O2 -pipe -Wall -W -Wextra -pedantic -Wformat -Wold-style-definition -Wdeclaration-after-statement -Wfloat-equal -Wmissing-declarations -Wmissing-prototypes -Wstrict-prototypes -Wredundant-decls -Wmissing-noreturn  conftest.c >&5
configure:10963: $? = 0
configure:10980: result: yes
configure:10948: checking if gcc -std=gnu99 supports -Wshadow flag
configure:10963: gcc -std=gnu99 -c -g -O2 -pipe -Wall -W -Wextra -pedantic -Wformat -Wold-style-definition -Wdeclaration-after-statement -Wfloat-equal -Wmissing-declarations -Wmissing-prototypes -Wstrict-prototypes -Wredundant-decls -Wmissing-noreturn -Wshadow  conftest.c >&5
configure:10963: $? = 0
configure:10980: result: yes
configure:10948: checking if gcc -std=gnu99 supports -Wendif-labels flag
configure:10963: gcc -std=gnu99 -c -g -O2 -pipe -Wall -W -Wextra -pedantic -Wformat -Wold-style-definition -Wdeclaration-after-statement -Wfloat-equal -Wmissing-declarations -Wmissing-prototypes -Wstrict-prototypes -Wredundant-decls -Wmissing-noreturn -Wshadow -Wendif-labels  conftest.c >&5
configure:10963: $? = 0
configure:10980: result: yes
configure:10948: checking if gcc -std=gnu99 supports -Wpointer-arith flag
configure:10963: gcc -std=gnu99 -c -g -O2 -pipe -Wall -W -Wextra -pedantic -Wformat -Wold-style-definition -Wdeclaration-after-statement -Wfloat-equal -Wmissing-declarations -Wmissing-prototypes -Wstrict-prototypes -Wredundant-decls -Wmissing-noreturn -Wshadow -Wendif-labels -Wpointer-arith  conftest.c >&5
configure:10963: $? = 0
configure:10980: result: yes
configure:10948: checking if gcc -std=gnu99 supports -Wbad-function-cast flag
configure:10963: gcc -std=gnu99 -c -g -O2 -pipe -Wall -W -Wextra -pedantic -Wformat -Wold-style-definition -Wdeclaration-after-statement -Wfloat-equal -Wmissing-declarations -Wmissing-prototypes -Wstrict-prototypes -Wredundant-decls -Wmissing-noreturn -Wshadow -Wendif-labels -Wpointer-arith -Wbad-function-cast  conftest.c >&5
configure:10963: $? = 0
configure:10980: result: yes
configure:10948: checking if gcc -std=gnu99 supports -Wcast-qual flag
configure:10963: gcc -std=gnu99 -c -g -O2 -pipe -Wall -W -Wextra -pedantic -Wformat -Wold-style-definition -Wdeclaration-after-statement -Wfloat-equal -Wmissing-declarations -Wmissing-prototypes -Wstrict-prototypes -Wredundant-decls -Wmissing-noreturn -Wshadow -Wendif-labels -Wpointer-arith -Wbad-function-cast -Wcast-qual  conftest.c >&5
configure:10963: $? = 0
configure:10980: result: yes
configure:10948: checking if gcc -std=gnu99 supports -Wcast-align flag
configure:10963: gcc -std=gnu99 -c -g -O2 -pipe -Wall -W -Wextra -pedantic -Wformat -Wold-style-definition -Wdeclaration-after-statement -Wfloat-equal -Wmissing-declarations -Wmissing-prototypes -Wstrict-prototypes -Wredundant-decls -Wmissing-noreturn -Wshadow -Wendif-labels -Wpointer-arith -Wbad-function-cast -Wcast-qual -Wcast-align  conftest.c >&5
configure:10963: $? = 0
configure:10980: result: yes
configure:10948: checking if gcc -std=gnu99 supports -Wwrite-strings flag
configure:10963: gcc -std=gnu99 -c -g -O2 -pipe -Wall -W -Wextra -pedantic -Wformat -Wold-style-definition -Wdeclaration-after-statement -Wfloat-equal -Wmissing-declarations -Wmissing-prototypes -Wstrict-prototypes -Wredundant-decls -Wmissing-noreturn -Wshadow -Wendif-labels -Wpointer-arith -Wbad-function-cast -Wcast-qual -Wcast-align -Wwrite-strings  conftest.c >&5
configure:10963: $? = 0
configure:10980: result: yes
configure:10948: checking if gcc -std=gnu99 supports -Winline flag
configure:10963: gcc -std=gnu99 -c -g -O2 -pipe -Wall -W -Wextra -pedantic -Wformat -Wold-style-definition -Wdeclaration-after-statement -Wfloat-equal -Wmissing-declarations -Wmissing-prototypes -Wstrict-prototypes -Wredundant-decls -Wmissing-noreturn -Wshadow -Wendif-labels -Wpointer-arith -Wbad-function-cast -Wcast-qual -Wcast-align -Wwrite-strings -Winline  conftest.c >&5
configure:10963: $? = 0
configure:10980: result: yes
configure:10948: checking if gcc -std=gnu99 supports -Wno-unused-parameter flag
configure:10963: gcc -std=gnu99 -c -g -O2 -pipe -Wall -W -Wextra -pedantic -Wformat -Wold-style-definition -Wdeclaration-after-statement -Wfloat-equal -Wmissing-declarations -Wmissing-prototypes -Wstrict-prototypes -Wredundant-decls -Wmissing-noreturn -Wshadow -Wendif-labels -Wpointer-arith -Wbad-function-cast -Wcast-qual -Wcast-align -Wwrite-strings -Winline -Wno-unused-parameter  conftest.c >&5
configure:10963: $? = 0
configure:10980: result: yes
configure:10948: checking if gcc -std=gnu99 supports -Wstrict-aliasing flag
configure:10963: gcc -std=gnu99 -c -g -O2 -pipe -Wall -W -Wextra -pedantic -Wformat -Wold-style-definition -Wdeclaration-after-statement -Wfloat-equal -Wmissing-declarations -Wmissing-prototypes -Wstrict-prototypes -Wredundant-decls -Wmissing-noreturn -Wshadow -Wendif-labels -Wpointer-arith -Wbad-function-cast -Wcast-qual -Wcast-align -Wwrite-strings -Winline -Wno-unused-parameter -Wstrict-aliasing  conftest.c >&5
configure:10963: $? = 0
configure:10980: result: yes
configure:10992: checking whether to enable assertions
configure:11010: result: yes
configure:11013: checking for ANSI C header files
configure:11117: result: yes
configure:11128: checking fcntl.h usability
configure:11128: gcc -std=gnu99 -c -g -O2 -pipe -Wall -W -Wextra -pedantic -Wformat -Wold-style-definition -Wdeclaration-after-statement -Wfloat-equal -Wmissing-declarations -Wmissing-prototypes -Wstrict-prototypes -Wredundant-decls -Wmissing-noreturn -Wshadow -Wendif-labels -Wpointer-arith -Wbad-function-cast -Wcast-qual -Wcast-align -Wwrite-strings -Winline -Wno-unused-parameter -Wstrict-aliasing  conftest.c >&5
configure:11128: $? = 0
configure:11128: result: yes
configure:11128: checking fcntl.h presence
configure:11128: gcc -std=gnu99 -E  conftest.c
configure:11128: $? = 0
configure:11128: result: yes
configure:11128: checking for fcntl.h
configure:11128: result: yes
configure:11128: checking limits.h usability
configure:11128: gcc -std=gnu99 -c -g -O2 -pipe -Wall -W -Wextra -pedantic -Wformat -Wold-style-definition -Wdeclaration-after-statement -Wfloat-equal -Wmissing-declarations -Wmissing-prototypes -Wstrict-prototypes -Wredundant-decls -Wmissing-noreturn -Wshadow -Wendif-labels -Wpointer-arith -Wbad-function-cast -Wcast-qual -Wcast-align -Wwrite-strings -Winline -Wno-unused-parameter -Wstrict-aliasing  conftest.c >&5
configure:11128: $? = 0
configure:11128: result: yes
configure:11128: checking limits.h presence
configure:11128: gcc -std=gnu99 -E  conftest.c
configure:11128: $? = 0
configure:11128: result: yes
configure:11128: checking for limits.h
configure:11128: result: yes
configure:11128: checking for stdlib.h
configure:11128: result: yes
configure:11128: checking for string.h
configure:11128: result: yes
configure:11128: checking syslog.h usability
configure:11128: gcc -std=gnu99 -c -g -O2 -pipe -Wall -W -Wextra -pedantic -Wformat -Wold-style-definition -Wdeclaration-after-statement -Wfloat-equal -Wmissing-declarations -Wmissing-prototypes -Wstrict-prototypes -Wredundant-decls -Wmissing-noreturn -Wshadow -Wendif-labels -Wpointer-arith -Wbad-function-cast -Wcast-qual -Wcast-align -Wwrite-strings -Winline -Wno-unused-parameter -Wstrict-aliasing  conftest.c >&5
configure:11128: $? = 0
configure:11128: result: yes
configure:11128: checking syslog.h presence
configure:11128: gcc -std=gnu99 -E  conftest.c
configure:11128: $? = 0
configure:11128: result: yes
configure:11128: checking for syslog.h
configure:11128: result: yes
configure:11128: checking for unistd.h
configure:11128: result: yes
configure:11128: checking sys/ioctl.h usability
configure:11128: gcc -std=gnu99 -c -g -O2 -pipe -Wall -W -Wextra -pedantic -Wformat -Wold-style-definition -Wdeclaration-after-statement -Wfloat-equal -Wmissing-declarations -Wmissing-prototypes -Wstrict-prototypes -Wredundant-decls -Wmissing-noreturn -Wshadow -Wendif-labels -Wpointer-arith -Wbad-function-cast -Wcast-qual -Wcast-align -Wwrite-strings -Winline -Wno-unused-parameter -Wstrict-aliasing  conftest.c >&5
configure:11128: $? = 0
configure:11128: result: yes
configure:11128: checking sys/ioctl.h presence
configure:11128: gcc -std=gnu99 -E  conftest.c
configure:11128: $? = 0
configure:11128: result: yes
configure:11128: checking for sys/ioctl.h
configure:11128: result: yes
configure:11128: checking sys/time.h usability
configure:11128: gcc -std=gnu99 -c -g -O2 -pipe -Wall -W -Wextra -pedantic -Wformat -Wold-style-definition -Wdeclaration-after-statement -Wfloat-equal -Wmissing-declarations -Wmissing-prototypes -Wstrict-prototypes -Wredundant-decls -Wmissing-noreturn -Wshadow -Wendif-labels -Wpointer-arith -Wbad-function-cast -Wcast-qual -Wcast-align -Wwrite-strings -Winline -Wno-unused-parameter -Wstrict-aliasing  conftest.c >&5
configure:11128: $? = 0
configure:11128: result: yes
configure:11128: checking sys/time.h presence
configure:11128: gcc -std=gnu99 -E  conftest.c
configure:11128: $? = 0
configure:11128: result: yes
configure:11128: checking for sys/time.h
configure:11128: result: yes
configure:11138: checking for sys/wait.h that is POSIX.1 compatible
configure:11164: gcc -std=gnu99 -c -g -O2 -pipe -Wall -W -Wextra -pedantic -Wformat -Wold-style-definition -Wdeclaration-after-statement -Wfloat-equal -Wmissing-declarations -Wmissing-prototypes -Wstrict-prototypes -Wredundant-decls -Wmissing-noreturn -Wshadow -Wendif-labels -Wpointer-arith -Wbad-function-cast -Wcast-qual -Wcast-align -Wwrite-strings -Winline -Wno-unused-parameter -Wstrict-aliasing  conftest.c >&5
conftest.c:47:1: warning: function declaration isn't a prototype [-Wstrict-prototypes]
conftest.c: In function 'main':
conftest.c:47:1: warning: old-style function definition [-Wold-style-definition]
configure:11164: $? = 0
configure:11171: result: yes
configure:11181: checking for an ANSI C-conforming const
configure:11246: gcc -std=gnu99 -c -g -O2 -pipe -Wall -W -Wextra -pedantic -Wformat -Wold-style-definition -Wdeclaration-after-statement -Wfloat-equal -Wmissing-declarations -Wmissing-prototypes -Wstrict-prototypes -Wredundant-decls -Wmissing-noreturn -Wshadow -Wendif-labels -Wpointer-arith -Wbad-function-cast -Wcast-qual -Wcast-align -Wwrite-strings -Winline -Wno-unused-parameter -Wstrict-aliasing  conftest.c >&5
conftest.c:40:1: warning: function declaration isn't a prototype [-Wstrict-prototypes]
conftest.c: In function 'main':
conftest.c:40:1: warning: old-style function definition [-Wold-style-definition]
conftest.c:61:9: warning: cast discards '__attribute__((const))' qualifier from pointer target type [-Wcast-qual]
conftest.c:67:10: warning: 't' is used uninitialized in this function [-Wuninitialized]
configure:11246: $? = 0
configure:11253: result: yes
configure:11261: checking for pid_t
configure:11261: gcc -std=gnu99 -c -g -O2 -pipe -Wall -W -Wextra -pedantic -Wformat -Wold-style-definition -Wdeclaration-after-statement -Wfloat-equal -Wmissing-declarations -Wmissing-prototypes -Wstrict-prototypes -Wredundant-decls -Wmissing-noreturn -Wshadow -Wendif-labels -Wpointer-arith -Wbad-function-cast -Wcast-qual -Wcast-align -Wwrite-strings -Winline -Wno-unused-parameter -Wstrict-aliasing  conftest.c >&5
conftest.c:72:1: warning: function declaration isn't a prototype [-Wstrict-prototypes]
conftest.c: In function 'main':
conftest.c:72:1: warning: old-style function definition [-Wold-style-definition]
configure:11261: $? = 0
configure:11261: gcc -std=gnu99 -c -g -O2 -pipe -Wall -W -Wextra -pedantic -Wformat -Wold-style-definition -Wdeclaration-after-statement -Wfloat-equal -Wmissing-declarations -Wmissing-prototypes -Wstrict-prototypes -Wredundant-decls -Wmissing-noreturn -Wshadow -Wendif-labels -Wpointer-arith -Wbad-function-cast -Wcast-qual -Wcast-align -Wwrite-strings -Winline -Wno-unused-parameter -Wstrict-aliasing  conftest.c >&5
conftest.c:72:1: warning: function declaration isn't a prototype [-Wstrict-prototypes]
conftest.c: In function 'main':
conftest.c:72:1: warning: old-style function definition [-Wold-style-definition]
conftest.c:74:20: error: expected expression before ')' token
configure:11261: $? = 1
configure: failed program was:
| /* confdefs.h */
| #define PACKAGE_NAME "libdaemon"
| #define PACKAGE_TARNAME "libdaemon"
| #define PACKAGE_VERSION "0.14"
| #define PACKAGE_STRING "libdaemon 0.14"
| #define PACKAGE_BUGREPORT "mzqnrzba (at) 0pointer (dot) de"
| #define PACKAGE_URL ""
| #define PACKAGE "libdaemon"
| #define VERSION "0.14"
| #define STDC_HEADERS 1
| #define HAVE_SYS_TYPES_H 1
| #define HAVE_SYS_STAT_H 1
| #define HAVE_STDLIB_H 1
| #define HAVE_STRING_H 1
| #define HAVE_MEMORY_H 1
| #define HAVE_STRINGS_H 1
| #define HAVE_INTTYPES_H 1
| #define HAVE_STDINT_H 1
| #define HAVE_UNISTD_H 1
| #define __EXTENSIONS__ 1
| #define _ALL_SOURCE 1
| #define _GNU_SOURCE 1
| #define _POSIX_PTHREAD_SEMANTICS 1
| #define _TANDEM_SOURCE 1
| #define HAVE_DLFCN_H 1
| #define LT_OBJDIR ".libs/"
| #define STDC_HEADERS 1
| #define HAVE_FCNTL_H 1
| #define HAVE_LIMITS_H 1
| #define HAVE_STDLIB_H 1
| #define HAVE_STRING_H 1
| #define HAVE_SYSLOG_H 1
| #define HAVE_UNISTD_H 1
| #define HAVE_SYS_IOCTL_H 1
| #define HAVE_SYS_TIME_H 1
| #define HAVE_SYS_WAIT_H 1
| /* end confdefs.h.  */
| #include <stdio.h>
| #ifdef HAVE_SYS_TYPES_H
| # include <sys/types.h>
| #endif
| #ifdef HAVE_SYS_STAT_H
| # include <sys/stat.h>
| #endif
| #ifdef STDC_HEADERS
| # include <stdlib.h>
| # include <stddef.h>
| #else
| # ifdef HAVE_STDLIB_H
| #  include <stdlib.h>
| # endif
| #endif
| #ifdef HAVE_STRING_H
| # if !defined STDC_HEADERS && defined HAVE_MEMORY_H
| #  include <memory.h>
| # endif
| # include <string.h>
| #endif
| #ifdef HAVE_STRINGS_H
| # include <strings.h>
| #endif
| #ifdef HAVE_INTTYPES_H
| # include <inttypes.h>
| #endif
| #ifdef HAVE_STDINT_H
| # include <stdint.h>
| #endif
| #ifdef HAVE_UNISTD_H
| # include <unistd.h>
| #endif
| int
| main ()
| {
| if (sizeof ((pid_t)))
| 	    return 0;
|   ;
|   return 0;
| }
configure:11261: result: yes
configure:11272: checking whether time.h and sys/time.h may both be included
configure:11292: gcc -std=gnu99 -c -g -O2 -pipe -Wall -W -Wextra -pedantic -Wformat -Wold-style-definition -Wdeclaration-after-statement -Wfloat-equal -Wmissing-declarations -Wmissing-prototypes -Wstrict-prototypes -Wredundant-decls -Wmissing-noreturn -Wshadow -Wendif-labels -Wpointer-arith -Wbad-function-cast -Wcast-qual -Wcast-align -Wwrite-strings -Winline -Wno-unused-parameter -Wstrict-aliasing  conftest.c >&5
conftest.c:43:1: warning: function declaration isn't a prototype [-Wstrict-prototypes]
conftest.c: In function 'main':
conftest.c:43:1: warning: old-style function definition [-Wold-style-definition]
configure:11292: $? = 0
configure:11299: result: yes
configure:11307: checking for working volatile
configure:11326: gcc -std=gnu99 -c -g -O2 -pipe -Wall -W -Wextra -pedantic -Wformat -Wold-style-definition -Wdeclaration-after-statement -Wfloat-equal -Wmissing-declarations -Wmissing-prototypes -Wstrict-prototypes -Wredundant-decls -Wmissing-noreturn -Wshadow -Wendif-labels -Wpointer-arith -Wbad-function-cast -Wcast-qual -Wcast-align -Wwrite-strings -Winline -Wno-unused-parameter -Wstrict-aliasing  conftest.c >&5
conftest.c:41:1: warning: function declaration isn't a prototype [-Wstrict-prototypes]
conftest.c: In function 'main':
conftest.c:41:1: warning: old-style function definition [-Wold-style-definition]
configure:11326: $? = 0
configure:11333: result: yes
configure:11345: checking vfork.h usability
configure:11345: gcc -std=gnu99 -c -g -O2 -pipe -Wall -W -Wextra -pedantic -Wformat -Wold-style-definition -Wdeclaration-after-statement -Wfloat-equal -Wmissing-declarations -Wmissing-prototypes -Wstrict-prototypes -Wredundant-decls -Wmissing-noreturn -Wshadow -Wendif-labels -Wpointer-arith -Wbad-function-cast -Wcast-qual -Wcast-align -Wwrite-strings -Winline -Wno-unused-parameter -Wstrict-aliasing  conftest.c >&5
conftest.c:72:19: fatal error: vfork.h: No such file or directory
compilation terminated.
configure:11345: $? = 1
configure: failed program was:
| /* confdefs.h */
| #define PACKAGE_NAME "libdaemon"
| #define PACKAGE_TARNAME "libdaemon"
| #define PACKAGE_VERSION "0.14"
| #define PACKAGE_STRING "libdaemon 0.14"
| #define PACKAGE_BUGREPORT "mzqnrzba (at) 0pointer (dot) de"
| #define PACKAGE_URL ""
| #define PACKAGE "libdaemon"
| #define VERSION "0.14"
| #define STDC_HEADERS 1
| #define HAVE_SYS_TYPES_H 1
| #define HAVE_SYS_STAT_H 1
| #define HAVE_STDLIB_H 1
| #define HAVE_STRING_H 1
| #define HAVE_MEMORY_H 1
| #define HAVE_STRINGS_H 1
| #define HAVE_INTTYPES_H 1
| #define HAVE_STDINT_H 1
| #define HAVE_UNISTD_H 1
| #define __EXTENSIONS__ 1
| #define _ALL_SOURCE 1
| #define _GNU_SOURCE 1
| #define _POSIX_PTHREAD_SEMANTICS 1
| #define _TANDEM_SOURCE 1
| #define HAVE_DLFCN_H 1
| #define LT_OBJDIR ".libs/"
| #define STDC_HEADERS 1
| #define HAVE_FCNTL_H 1
| #define HAVE_LIMITS_H 1
| #define HAVE_STDLIB_H 1
| #define HAVE_STRING_H 1
| #define HAVE_SYSLOG_H 1
| #define HAVE_UNISTD_H 1
| #define HAVE_SYS_IOCTL_H 1
| #define HAVE_SYS_TIME_H 1
| #define HAVE_SYS_WAIT_H 1
| #define TIME_WITH_SYS_TIME 1
| /* end confdefs.h.  */
| #include <stdio.h>
| #ifdef HAVE_SYS_TYPES_H
| # include <sys/types.h>
| #endif
| #ifdef HAVE_SYS_STAT_H
| # include <sys/stat.h>
| #endif
| #ifdef STDC_HEADERS
| # include <stdlib.h>
| # include <stddef.h>
| #else
| # ifdef HAVE_STDLIB_H
| #  include <stdlib.h>
| # endif
| #endif
| #ifdef HAVE_STRING_H
| # if !defined STDC_HEADERS && defined HAVE_MEMORY_H
| #  include <memory.h>
| # endif
| # include <string.h>
| #endif
| #ifdef HAVE_STRINGS_H
| # include <strings.h>
| #endif
| #ifdef HAVE_INTTYPES_H
| # include <inttypes.h>
| #endif
| #ifdef HAVE_STDINT_H
| # include <stdint.h>
| #endif
| #ifdef HAVE_UNISTD_H
| # include <unistd.h>
| #endif
| #include <vfork.h>
configure:11345: result: no
configure:11345: checking vfork.h presence
configure:11345: gcc -std=gnu99 -E  conftest.c
conftest.c:39:19: fatal error: vfork.h: No such file or directory
compilation terminated.
configure:11345: $? = 1
configure: failed program was:
| /* confdefs.h */
| #define PACKAGE_NAME "libdaemon"
| #define PACKAGE_TARNAME "libdaemon"
| #define PACKAGE_VERSION "0.14"
| #define PACKAGE_STRING "libdaemon 0.14"
| #define PACKAGE_BUGREPORT "mzqnrzba (at) 0pointer (dot) de"
| #define PACKAGE_URL ""
| #define PACKAGE "libdaemon"
| #define VERSION "0.14"
| #define STDC_HEADERS 1
| #define HAVE_SYS_TYPES_H 1
| #define HAVE_SYS_STAT_H 1
| #define HAVE_STDLIB_H 1
| #define HAVE_STRING_H 1
| #define HAVE_MEMORY_H 1
| #define HAVE_STRINGS_H 1
| #define HAVE_INTTYPES_H 1
| #define HAVE_STDINT_H 1
| #define HAVE_UNISTD_H 1
| #define __EXTENSIONS__ 1
| #define _ALL_SOURCE 1
| #define _GNU_SOURCE 1
| #define _POSIX_PTHREAD_SEMANTICS 1
| #define _TANDEM_SOURCE 1
| #define HAVE_DLFCN_H 1
| #define LT_OBJDIR ".libs/"
| #define STDC_HEADERS 1
| #define HAVE_FCNTL_H 1
| #define HAVE_LIMITS_H 1
| #define HAVE_STDLIB_H 1
| #define HAVE_STRING_H 1
| #define HAVE_SYSLOG_H 1
| #define HAVE_UNISTD_H 1
| #define HAVE_SYS_IOCTL_H 1
| #define HAVE_SYS_TIME_H 1
| #define HAVE_SYS_WAIT_H 1
| #define TIME_WITH_SYS_TIME 1
| /* end confdefs.h.  */
| #include <vfork.h>
configure:11345: result: no
configure:11345: checking for vfork.h
configure:11345: result: no
configure:11358: checking for fork
configure:11358: gcc -std=gnu99 -o conftest -g -O2 -pipe -Wall -W -Wextra -pedantic -Wformat -Wold-style-definition -Wdeclaration-after-statement -Wfloat-equal -Wmissing-declarations -Wmissing-prototypes -Wstrict-prototypes -Wredundant-decls -Wmissing-noreturn -Wshadow -Wendif-labels -Wpointer-arith -Wbad-function-cast -Wcast-qual -Wcast-align -Wwrite-strings -Winline -Wno-unused-parameter -Wstrict-aliasing   conftest.c  >&5
conftest.c:62:1: warning: function declaration isn't a prototype [-Wstrict-prototypes]
conftest.c:62:6: warning: conflicting types for built-in function 'fork' [enabled by default]
conftest.c:71:1: warning: function declaration isn't a prototype [-Wstrict-prototypes]
conftest.c: In function 'main':
conftest.c:71:1: warning: old-style function definition [-Wold-style-definition]
configure:11358: $? = 0
configure:11358: result: yes
configure:11358: checking for vfork
configure:11358: gcc -std=gnu99 -o conftest -g -O2 -pipe -Wall -W -Wextra -pedantic -Wformat -Wold-style-definition -Wdeclaration-after-statement -Wfloat-equal -Wmissing-declarations -Wmissing-prototypes -Wstrict-prototypes -Wredundant-decls -Wmissing-noreturn -Wshadow -Wendif-labels -Wpointer-arith -Wbad-function-cast -Wcast-qual -Wcast-align -Wwrite-strings -Winline -Wno-unused-parameter -Wstrict-aliasing   conftest.c  >&5
conftest.c:63:1: warning: function declaration isn't a prototype [-Wstrict-prototypes]
conftest.c:72:1: warning: function declaration isn't a prototype [-Wstrict-prototypes]
conftest.c: In function 'main':
conftest.c:72:1: warning: old-style function definition [-Wold-style-definition]
configure:11358: $? = 0
configure:11358: result: yes
configure:11368: checking for working fork
configure:11390: gcc -std=gnu99 -o conftest -g -O2 -pipe -Wall -W -Wextra -pedantic -Wformat -Wold-style-definition -Wdeclaration-after-statement -Wfloat-equal -Wmissing-declarations -Wmissing-prototypes -Wstrict-prototypes -Wredundant-decls -Wmissing-noreturn -Wshadow -Wendif-labels -Wpointer-arith -Wbad-function-cast -Wcast-qual -Wcast-align -Wwrite-strings -Winline -Wno-unused-parameter -Wstrict-aliasing   conftest.c  >&5
conftest.c:75:1: warning: function declaration isn't a prototype [-Wstrict-prototypes]
conftest.c: In function 'main':
conftest.c:75:1: warning: old-style function definition [-Wold-style-definition]
configure:11390: $? = 0
configure:11390: ./conftest
configure:11390: $? = 0
configure:11400: result: yes
configure:11421: checking for working vfork
configure:11531: result: yes
configure:11559: checking sys/select.h usability
configure:11559: gcc -std=gnu99 -c -g -O2 -pipe -Wall -W -Wextra -pedantic -Wformat -Wold-style-definition -Wdeclaration-after-statement -Wfloat-equal -Wmissing-declarations -Wmissing-prototypes -Wstrict-prototypes -Wredundant-decls -Wmissing-noreturn -Wshadow -Wendif-labels -Wpointer-arith -Wbad-function-cast -Wcast-qual -Wcast-align -Wwrite-strings -Winline -Wno-unused-parameter -Wstrict-aliasing  conftest.c >&5
configure:11559: $? = 0
configure:11559: result: yes
configure:11559: checking sys/select.h presence
configure:11559: gcc -std=gnu99 -E  conftest.c
configure:11559: $? = 0
configure:11559: result: yes
configure:11559: checking for sys/select.h
configure:11559: result: yes
configure:11559: checking sys/socket.h usability
configure:11559: gcc -std=gnu99 -c -g -O2 -pipe -Wall -W -Wextra -pedantic -Wformat -Wold-style-definition -Wdeclaration-after-statement -Wfloat-equal -Wmissing-declarations -Wmissing-prototypes -Wstrict-prototypes -Wredundant-decls -Wmissing-noreturn -Wshadow -Wendif-labels -Wpointer-arith -Wbad-function-cast -Wcast-qual -Wcast-align -Wwrite-strings -Winline -Wno-unused-parameter -Wstrict-aliasing  conftest.c >&5
configure:11559: $? = 0
configure:11559: result: yes
configure:11559: checking sys/socket.h presence
configure:11559: gcc -std=gnu99 -E  conftest.c
configure:11559: $? = 0
configure:11559: result: yes
configure:11559: checking for sys/socket.h
configure:11559: result: yes
configure:11569: checking types of arguments for select
configure:11597: gcc -std=gnu99 -c -g -O2 -pipe -Wall -W -Wextra -pedantic -Wformat -Wold-style-definition -Wdeclaration-after-statement -Wfloat-equal -Wmissing-declarations -Wmissing-prototypes -Wstrict-prototypes -Wredundant-decls -Wmissing-noreturn -Wshadow -Wendif-labels -Wpointer-arith -Wbad-function-cast -Wcast-qual -Wcast-align -Wwrite-strings -Winline -Wno-unused-parameter -Wstrict-aliasing  conftest.c >&5
conftest.c:86:1: warning: function declaration isn't a prototype [-Wstrict-prototypes]
conftest.c: In function 'main':
conftest.c:86:1: warning: old-style function definition [-Wold-style-definition]
conftest.c:88:12: warning: redundant redeclaration of 'select' [-Wredundant-decls]
/usr/include/i386-linux-gnu/sys/select.h:107:12: note: previous declaration of 'select' was here
configure:11597: $? = 0
configure:11608: result: int,fd_set *,struct timeval *
configure:11633: checking for vprintf
configure:11633: gcc -std=gnu99 -o conftest -g -O2 -pipe -Wall -W -Wextra -pedantic -Wformat -Wold-style-definition -Wdeclaration-after-statement -Wfloat-equal -Wmissing-declarations -Wmissing-prototypes -Wstrict-prototypes -Wredundant-decls -Wmissing-noreturn -Wshadow -Wendif-labels -Wpointer-arith -Wbad-function-cast -Wcast-qual -Wcast-align -Wwrite-strings -Winline -Wno-unused-parameter -Wstrict-aliasing   conftest.c  >&5
conftest.c:71:1: warning: function declaration isn't a prototype [-Wstrict-prototypes]
conftest.c:71:6: warning: conflicting types for built-in function 'vprintf' [enabled by default]
conftest.c:80:1: warning: function declaration isn't a prototype [-Wstrict-prototypes]
conftest.c: In function 'main':
conftest.c:80:1: warning: old-style function definition [-Wold-style-definition]
configure:11633: $? = 0
configure:11633: result: yes
configure:11639: checking for _doprnt
configure:11639: gcc -std=gnu99 -o conftest -g -O2 -pipe -Wall -W -Wextra -pedantic -Wformat -Wold-style-definition -Wdeclaration-after-statement -Wfloat-equal -Wmissing-declarations -Wmissing-prototypes -Wstrict-prototypes -Wredundant-decls -Wmissing-noreturn -Wshadow -Wendif-labels -Wpointer-arith -Wbad-function-cast -Wcast-qual -Wcast-align -Wwrite-strings -Winline -Wno-unused-parameter -Wstrict-aliasing   conftest.c  >&5
conftest.c:72:1: warning: function declaration isn't a prototype [-Wstrict-prototypes]
conftest.c:81:1: warning: function declaration isn't a prototype [-Wstrict-prototypes]
conftest.c: In function 'main':
conftest.c:81:1: warning: old-style function definition [-Wold-style-definition]
/tmp/ccb5OZ2f.o: In function `main':
/work/32work/lorawan/watchdog/libdaemon-0.14/conftest.c:83: undefined reference to `_doprnt'
collect2: ld returned 1 exit status
configure:11639: $? = 1
configure: failed program was:
| /* confdefs.h */
| #define PACKAGE_NAME "libdaemon"
| #define PACKAGE_TARNAME "libdaemon"
| #define PACKAGE_VERSION "0.14"
| #define PACKAGE_STRING "libdaemon 0.14"
| #define PACKAGE_BUGREPORT "mzqnrzba (at) 0pointer (dot) de"
| #define PACKAGE_URL ""
| #define PACKAGE "libdaemon"
| #define VERSION "0.14"
| #define STDC_HEADERS 1
| #define HAVE_SYS_TYPES_H 1
| #define HAVE_SYS_STAT_H 1
| #define HAVE_STDLIB_H 1
| #define HAVE_STRING_H 1
| #define HAVE_MEMORY_H 1
| #define HAVE_STRINGS_H 1
| #define HAVE_INTTYPES_H 1
| #define HAVE_STDINT_H 1
| #define HAVE_UNISTD_H 1
| #define __EXTENSIONS__ 1
| #define _ALL_SOURCE 1
| #define _GNU_SOURCE 1
| #define _POSIX_PTHREAD_SEMANTICS 1
| #define _TANDEM_SOURCE 1
| #define HAVE_DLFCN_H 1
| #define LT_OBJDIR ".libs/"
| #define STDC_HEADERS 1
| #define HAVE_FCNTL_H 1
| #define HAVE_LIMITS_H 1
| #define HAVE_STDLIB_H 1
| #define HAVE_STRING_H 1
| #define HAVE_SYSLOG_H 1
| #define HAVE_UNISTD_H 1
| #define HAVE_SYS_IOCTL_H 1
| #define HAVE_SYS_TIME_H 1
| #define HAVE_SYS_WAIT_H 1
| #define TIME_WITH_SYS_TIME 1
| #define HAVE_FORK 1
| #define HAVE_VFORK 1
| #define HAVE_WORKING_VFORK 1
| #define HAVE_WORKING_FORK 1
| #define HAVE_SYS_SELECT_H 1
| #define HAVE_SYS_SOCKET_H 1
| #define SELECT_TYPE_ARG1 int
| #define SELECT_TYPE_ARG234 (fd_set *)
| #define SELECT_TYPE_ARG5 (struct timeval *)
| #define HAVE_VPRINTF 1
| /* end confdefs.h.  */
| /* Define _doprnt to an innocuous variant, in case <limits.h> declares _doprnt.
|    For example, HP-UX 11i <limits.h> declares gettimeofday.  */
| #define _doprnt innocuous__doprnt
| 
| /* System header to define __stub macros and hopefully few prototypes,
|     which can conflict with char _doprnt (); below.
|     Prefer <limits.h> to <assert.h> if __STDC__ is defined, since
|     <limits.h> exists even on freestanding compilers.  */
| 
| #ifdef __STDC__
| # include <limits.h>
| #else
| # include <assert.h>
| #endif
| 
| #undef _doprnt
| 
| /* Override any GCC internal prototype to avoid an error.
|    Use char because int might match the return type of a GCC
|    builtin and then its argument prototype would still apply.  */
| #ifdef __cplusplus
| extern "C"
| #endif
| char _doprnt ();
| /* The GNU C library defines this for functions which it implements
|     to always fail with ENOSYS.  Some functions are actually named
|     something starting with __ and the normal name is an alias.  */
| #if defined __stub__doprnt || defined __stub____doprnt
| choke me
| #endif
| 
| int
| main ()
| {
| return _doprnt ();
|   ;
|   return 0;
| }
configure:11639: result: no
configure:11653: checking for select
configure:11653: gcc -std=gnu99 -o conftest -g -O2 -pipe -Wall -W -Wextra -pedantic -Wformat -Wold-style-definition -Wdeclaration-after-statement -Wfloat-equal -Wmissing-declarations -Wmissing-prototypes -Wstrict-prototypes -Wredundant-decls -Wmissing-noreturn -Wshadow -Wendif-labels -Wpointer-arith -Wbad-function-cast -Wcast-qual -Wcast-align -Wwrite-strings -Winline -Wno-unused-parameter -Wstrict-aliasing   conftest.c  >&5
conftest.c:72:1: warning: function declaration isn't a prototype [-Wstrict-prototypes]
conftest.c:81:1: warning: function declaration isn't a prototype [-Wstrict-prototypes]
conftest.c: In function 'main':
conftest.c:81:1: warning: old-style function definition [-Wold-style-definition]
configure:11653: $? = 0
configure:11653: result: yes
configure:11653: checking for strerror
configure:11653: gcc -std=gnu99 -o conftest -g -O2 -pipe -Wall -W -Wextra -pedantic -Wformat -Wold-style-definition -Wdeclaration-after-statement -Wfloat-equal -Wmissing-declarations -Wmissing-prototypes -Wstrict-prototypes -Wredundant-decls -Wmissing-noreturn -Wshadow -Wendif-labels -Wpointer-arith -Wbad-function-cast -Wcast-qual -Wcast-align -Wwrite-strings -Winline -Wno-unused-parameter -Wstrict-aliasing   conftest.c  >&5
conftest.c:73:1: warning: function declaration isn't a prototype [-Wstrict-prototypes]
conftest.c:82:1: warning: function declaration isn't a prototype [-Wstrict-prototypes]
conftest.c: In function 'main':
conftest.c:82:1: warning: old-style function definition [-Wold-style-definition]
configure:11653: $? = 0
configure:11653: result: yes
configure:11653: checking for dup2
configure:11653: gcc -std=gnu99 -o conftest -g -O2 -pipe -Wall -W -Wextra -pedantic -Wformat -Wold-style-definition -Wdeclaration-after-statement -Wfloat-equal -Wmissing-declarations -Wmissing-prototypes -Wstrict-prototypes -Wredundant-decls -Wmissing-noreturn -Wshadow -Wendif-labels -Wpointer-arith -Wbad-function-cast -Wcast-qual -Wcast-align -Wwrite-strings -Winline -Wno-unused-parameter -Wstrict-aliasing   conftest.c  >&5
conftest.c:74:1: warning: function declaration isn't a prototype [-Wstrict-prototypes]
conftest.c:83:1: warning: function declaration isn't a prototype [-Wstrict-prototypes]
conftest.c: In function 'main':
conftest.c:83:1: warning: old-style function definition [-Wold-style-definition]
configure:11653: $? = 0
configure:11653: result: yes
configure:11653: checking for memset
configure:11653: gcc -std=gnu99 -o conftest -g -O2 -pipe -Wall -W -Wextra -pedantic -Wformat -Wold-style-definition -Wdeclaration-after-statement -Wfloat-equal -Wmissing-declarations -Wmissing-prototypes -Wstrict-prototypes -Wredundant-decls -Wmissing-noreturn -Wshadow -Wendif-labels -Wpointer-arith -Wbad-function-cast -Wcast-qual -Wcast-align -Wwrite-strings -Winline -Wno-unused-parameter -Wstrict-aliasing   conftest.c  >&5
conftest.c:75:1: warning: function declaration isn't a prototype [-Wstrict-prototypes]
conftest.c:75:6: warning: conflicting types for built-in function 'memset' [enabled by default]
conftest.c:84:1: warning: function declaration isn't a prototype [-Wstrict-prototypes]
conftest.c: In function 'main':
conftest.c:84:1: warning: old-style function definition [-Wold-style-definition]
configure:11653: $? = 0
configure:11653: result: yes
configure:11653: checking for strrchr
configure:11653: gcc -std=gnu99 -o conftest -g -O2 -pipe -Wall -W -Wextra -pedantic -Wformat -Wold-style-definition -Wdeclaration-after-statement -Wfloat-equal -Wmissing-declarations -Wmissing-prototypes -Wstrict-prototypes -Wredundant-decls -Wmissing-noreturn -Wshadow -Wendif-labels -Wpointer-arith -Wbad-function-cast -Wcast-qual -Wcast-align -Wwrite-strings -Winline -Wno-unused-parameter -Wstrict-aliasing   conftest.c  >&5
conftest.c:76:1: warning: function declaration isn't a prototype [-Wstrict-prototypes]
conftest.c:76:6: warning: conflicting types for built-in function 'strrchr' [enabled by default]
conftest.c:85:1: warning: function declaration isn't a prototype [-Wstrict-prototypes]
conftest.c: In function 'main':
conftest.c:85:1: warning: old-style function definition [-Wold-style-definition]
configure:11653: $? = 0
configure:11653: result: yes
configure:11653: checking for asprintf
configure:11653: gcc -std=gnu99 -o conftest -g -O2 -pipe -Wall -W -Wextra -pedantic -Wformat -Wold-style-definition -Wdeclaration-after-statement -Wfloat-equal -Wmissing-declarations -Wmissing-prototypes -Wstrict-prototypes -Wredundant-decls -Wmissing-noreturn -Wshadow -Wendif-labels -Wpointer-arith -Wbad-function-cast -Wcast-qual -Wcast-align -Wwrite-strings -Winline -Wno-unused-parameter -Wstrict-aliasing   conftest.c  >&5
conftest.c:77:1: warning: function declaration isn't a prototype [-Wstrict-prototypes]
conftest.c:86:1: warning: function declaration isn't a prototype [-Wstrict-prototypes]
conftest.c: In function 'main':
conftest.c:86:1: warning: old-style function definition [-Wold-style-definition]
configure:11653: $? = 0
configure:11653: result: yes
configure:11662: checking for mode_t
configure:11662: gcc -std=gnu99 -c -g -O2 -pipe -Wall -W -Wextra -pedantic -Wformat -Wold-style-definition -Wdeclaration-after-statement -Wfloat-equal -Wmissing-declarations -Wmissing-prototypes -Wstrict-prototypes -Wredundant-decls -Wmissing-noreturn -Wshadow -Wendif-labels -Wpointer-arith -Wbad-function-cast -Wcast-qual -Wcast-align -Wwrite-strings -Winline -Wno-unused-parameter -Wstrict-aliasing  conftest.c >&5
conftest.c:89:1: warning: function declaration isn't a prototype [-Wstrict-prototypes]
conftest.c: In function 'main':
conftest.c:89:1: warning: old-style function definition [-Wold-style-definition]
configure:11662: $? = 0
configure:11662: gcc -std=gnu99 -c -g -O2 -pipe -Wall -W -Wextra -pedantic -Wformat -Wold-style-definition -Wdeclaration-after-statement -Wfloat-equal -Wmissing-declarations -Wmissing-prototypes -Wstrict-prototypes -Wredundant-decls -Wmissing-noreturn -Wshadow -Wendif-labels -Wpointer-arith -Wbad-function-cast -Wcast-qual -Wcast-align -Wwrite-strings -Winline -Wno-unused-parameter -Wstrict-aliasing  conftest.c >&5
conftest.c:89:1: warning: function declaration isn't a prototype [-Wstrict-prototypes]
conftest.c: In function 'main':
conftest.c:89:1: warning: old-style function definition [-Wold-style-definition]
conftest.c:91:21: error: expected expression before ')' token
configure:11662: $? = 1
configure: failed program was:
| /* confdefs.h */
| #define PACKAGE_NAME "libdaemon"
| #define PACKAGE_TARNAME "libdaemon"
| #define PACKAGE_VERSION "0.14"
| #define PACKAGE_STRING "libdaemon 0.14"
| #define PACKAGE_BUGREPORT "mzqnrzba (at) 0pointer (dot) de"
| #define PACKAGE_URL ""
| #define PACKAGE "libdaemon"
| #define VERSION "0.14"
| #define STDC_HEADERS 1
| #define HAVE_SYS_TYPES_H 1
| #define HAVE_SYS_STAT_H 1
| #define HAVE_STDLIB_H 1
| #define HAVE_STRING_H 1
| #define HAVE_MEMORY_H 1
| #define HAVE_STRINGS_H 1
| #define HAVE_INTTYPES_H 1
| #define HAVE_STDINT_H 1
| #define HAVE_UNISTD_H 1
| #define __EXTENSIONS__ 1
| #define _ALL_SOURCE 1
| #define _GNU_SOURCE 1
| #define _POSIX_PTHREAD_SEMANTICS 1
| #define _TANDEM_SOURCE 1
| #define HAVE_DLFCN_H 1
| #define LT_OBJDIR ".libs/"
| #define STDC_HEADERS 1
| #define HAVE_FCNTL_H 1
| #define HAVE_LIMITS_H 1
| #define HAVE_STDLIB_H 1
| #define HAVE_STRING_H 1
| #define HAVE_SYSLOG_H 1
| #define HAVE_UNISTD_H 1
| #define HAVE_SYS_IOCTL_H 1
| #define HAVE_SYS_TIME_H 1
| #define HAVE_SYS_WAIT_H 1
| #define TIME_WITH_SYS_TIME 1
| #define HAVE_FORK 1
| #define HAVE_VFORK 1
| #define HAVE_WORKING_VFORK 1
| #define HAVE_WORKING_FORK 1
| #define HAVE_SYS_SELECT_H 1
| #define HAVE_SYS_SOCKET_H 1
| #define SELECT_TYPE_ARG1 int
| #define SELECT_TYPE_ARG234 (fd_set *)
| #define SELECT_TYPE_ARG5 (struct timeval *)
| #define HAVE_VPRINTF 1
| #define HAVE_SELECT 1
| #define HAVE_STRERROR 1
| #define HAVE_DUP2 1
| #define HAVE_MEMSET 1
| #define HAVE_STRRCHR 1
| #define HAVE_ASPRINTF 1
| /* end confdefs.h.  */
| #include <stdio.h>
| #ifdef HAVE_SYS_TYPES_H
| # include <sys/types.h>
| #endif
| #ifdef HAVE_SYS_STAT_H
| # include <sys/stat.h>
| #endif
| #ifdef STDC_HEADERS
| # include <stdlib.h>
| # include <stddef.h>
| #else
| # ifdef HAVE_STDLIB_H
| #  include <stdlib.h>
| # endif
| #endif
| #ifdef HAVE_STRING_H
| # if !defined STDC_HEADERS && defined HAVE_MEMORY_H
| #  include <memory.h>
| # endif
| # include <string.h>
| #endif
| #ifdef HAVE_STRINGS_H
| # include <strings.h>
| #endif
| #ifdef HAVE_INTTYPES_H
| # include <inttypes.h>
| #endif
| #ifdef HAVE_STDINT_H
| # include <stdint.h>
| #endif
| #ifdef HAVE_UNISTD_H
| # include <unistd.h>
| #endif
| int
| main ()
| {
| if (sizeof ((mode_t)))
| 	    return 0;
|   ;
|   return 0;
| }
configure:11662: result: yes
configure:11673: checking whether setpgrp takes no argument
configure:11695: gcc -std=gnu99 -o conftest -g -O2 -pipe -Wall -W -Wextra -pedantic -Wformat -Wold-style-definition -Wdeclaration-after-statement -Wfloat-equal -Wmissing-declarations -Wmissing-prototypes -Wstrict-prototypes -Wredundant-decls -Wmissing-noreturn -Wshadow -Wendif-labels -Wpointer-arith -Wbad-function-cast -Wcast-qual -Wcast-align -Wwrite-strings -Winline -Wno-unused-parameter -Wstrict-aliasing   conftest.c  >&5
conftest.c:89:1: warning: function declaration isn't a prototype [-Wstrict-prototypes]
conftest.c: In function 'main':
conftest.c:89:1: warning: old-style function definition [-Wold-style-definition]
conftest.c:94:3: error: too many arguments to function 'setpgrp'
/usr/include/unistd.h:673:12: note: declared here
configure:11695: $? = 1
configure: program exited with status 1
configure: failed program was:
| /* confdefs.h */
| #define PACKAGE_NAME "libdaemon"
| #define PACKAGE_TARNAME "libdaemon"
| #define PACKAGE_VERSION "0.14"
| #define PACKAGE_STRING "libdaemon 0.14"
| #define PACKAGE_BUGREPORT "mzqnrzba (at) 0pointer (dot) de"
| #define PACKAGE_URL ""
| #define PACKAGE "libdaemon"
| #define VERSION "0.14"
| #define STDC_HEADERS 1
| #define HAVE_SYS_TYPES_H 1
| #define HAVE_SYS_STAT_H 1
| #define HAVE_STDLIB_H 1
| #define HAVE_STRING_H 1
| #define HAVE_MEMORY_H 1
| #define HAVE_STRINGS_H 1
| #define HAVE_INTTYPES_H 1
| #define HAVE_STDINT_H 1
| #define HAVE_UNISTD_H 1
| #define __EXTENSIONS__ 1
| #define _ALL_SOURCE 1
| #define _GNU_SOURCE 1
| #define _POSIX_PTHREAD_SEMANTICS 1
| #define _TANDEM_SOURCE 1
| #define HAVE_DLFCN_H 1
| #define LT_OBJDIR ".libs/"
| #define STDC_HEADERS 1
| #define HAVE_FCNTL_H 1
| #define HAVE_LIMITS_H 1
| #define HAVE_STDLIB_H 1
| #define HAVE_STRING_H 1
| #define HAVE_SYSLOG_H 1
| #define HAVE_UNISTD_H 1
| #define HAVE_SYS_IOCTL_H 1
| #define HAVE_SYS_TIME_H 1
| #define HAVE_SYS_WAIT_H 1
| #define TIME_WITH_SYS_TIME 1
| #define HAVE_FORK 1
| #define HAVE_VFORK 1
| #define HAVE_WORKING_VFORK 1
| #define HAVE_WORKING_FORK 1
| #define HAVE_SYS_SELECT_H 1
| #define HAVE_SYS_SOCKET_H 1
| #define SELECT_TYPE_ARG1 int
| #define SELECT_TYPE_ARG234 (fd_set *)
| #define SELECT_TYPE_ARG5 (struct timeval *)
| #define HAVE_VPRINTF 1
| #define HAVE_SELECT 1
| #define HAVE_STRERROR 1
| #define HAVE_DUP2 1
| #define HAVE_MEMSET 1
| #define HAVE_STRRCHR 1
| #define HAVE_ASPRINTF 1
| /* end confdefs.h.  */
| #include <stdio.h>
| #ifdef HAVE_SYS_TYPES_H
| # include <sys/types.h>
| #endif
| #ifdef HAVE_SYS_STAT_H
| # include <sys/stat.h>
| #endif
| #ifdef STDC_HEADERS
| # include <stdlib.h>
| # include <stddef.h>
| #else
| # ifdef HAVE_STDLIB_H
| #  include <stdlib.h>
| # endif
| #endif
| #ifdef HAVE_STRING_H
| # if !defined STDC_HEADERS && defined HAVE_MEMORY_H
| #  include <memory.h>
| # endif
| # include <string.h>
| #endif
| #ifdef HAVE_STRINGS_H
| # include <strings.h>
| #endif
| #ifdef HAVE_INTTYPES_H
| # include <inttypes.h>
| #endif
| #ifdef HAVE_STDINT_H
| # include <stdint.h>
| #endif
| #ifdef HAVE_UNISTD_H
| # include <unistd.h>
| #endif
| int
| main ()
| {
| /* If this system has a BSD-style setpgrp which takes arguments,
|   setpgrp(1, 1) will fail with ESRCH and return -1, in that case
|   exit successfully. */
|   return setpgrp (1,1) != -1;
|   ;
|   return 0;
| }
configure:11705: result: yes
configure:11713: checking return type of signal handlers
configure:11731: gcc -std=gnu99 -c -g -O2 -pipe -Wall -W -Wextra -pedantic -Wformat -Wold-style-definition -Wdeclaration-after-statement -Wfloat-equal -Wmissing-declarations -Wmissing-prototypes -Wstrict-prototypes -Wredundant-decls -Wmissing-noreturn -Wshadow -Wendif-labels -Wpointer-arith -Wbad-function-cast -Wcast-qual -Wcast-align -Wwrite-strings -Winline -Wno-unused-parameter -Wstrict-aliasing  conftest.c >&5
conftest.c:60:1: warning: function declaration isn't a prototype [-Wstrict-prototypes]
conftest.c: In function 'main':
conftest.c:60:1: warning: old-style function definition [-Wold-style-definition]
conftest.c:62:1: error: void value not ignored as it ought to be
configure:11731: $? = 1
configure: failed program was:
| /* confdefs.h */
| #define PACKAGE_NAME "libdaemon"
| #define PACKAGE_TARNAME "libdaemon"
| #define PACKAGE_VERSION "0.14"
| #define PACKAGE_STRING "libdaemon 0.14"
| #define PACKAGE_BUGREPORT "mzqnrzba (at) 0pointer (dot) de"
| #define PACKAGE_URL ""
| #define PACKAGE "libdaemon"
| #define VERSION "0.14"
| #define STDC_HEADERS 1
| #define HAVE_SYS_TYPES_H 1
| #define HAVE_SYS_STAT_H 1
| #define HAVE_STDLIB_H 1
| #define HAVE_STRING_H 1
| #define HAVE_MEMORY_H 1
| #define HAVE_STRINGS_H 1
| #define HAVE_INTTYPES_H 1
| #define HAVE_STDINT_H 1
| #define HAVE_UNISTD_H 1
| #define __EXTENSIONS__ 1
| #define _ALL_SOURCE 1
| #define _GNU_SOURCE 1
| #define _POSIX_PTHREAD_SEMANTICS 1
| #define _TANDEM_SOURCE 1
| #define HAVE_DLFCN_H 1
| #define LT_OBJDIR ".libs/"
| #define STDC_HEADERS 1
| #define HAVE_FCNTL_H 1
| #define HAVE_LIMITS_H 1
| #define HAVE_STDLIB_H 1
| #define HAVE_STRING_H 1
| #define HAVE_SYSLOG_H 1
| #define HAVE_UNISTD_H 1
| #define HAVE_SYS_IOCTL_H 1
| #define HAVE_SYS_TIME_H 1
| #define HAVE_SYS_WAIT_H 1
| #define TIME_WITH_SYS_TIME 1
| #define HAVE_FORK 1
| #define HAVE_VFORK 1
| #define HAVE_WORKING_VFORK 1
| #define HAVE_WORKING_FORK 1
| #define HAVE_SYS_SELECT_H 1
| #define HAVE_SYS_SOCKET_H 1
| #define SELECT_TYPE_ARG1 int
| #define SELECT_TYPE_ARG234 (fd_set *)
| #define SELECT_TYPE_ARG5 (struct timeval *)
| #define HAVE_VPRINTF 1
| #define HAVE_SELECT 1
| #define HAVE_STRERROR 1
| #define HAVE_DUP2 1
| #define HAVE_MEMSET 1
| #define HAVE_STRRCHR 1
| #define HAVE_ASPRINTF 1
| #define SETPGRP_VOID 1
| /* end confdefs.h.  */
| #include <sys/types.h>
| #include <signal.h>
| 
| int
| main ()
| {
| return *(signal (0, 0)) (0) == 1;
|   ;
|   return 0;
| }
configure:11738: result: void
configure:11746: checking for size_t
configure:11746: gcc -std=gnu99 -c -g -O2 -pipe -Wall -W -Wextra -pedantic -Wformat -Wold-style-definition -Wdeclaration-after-statement -Wfloat-equal -Wmissing-declarations -Wmissing-prototypes -Wstrict-prototypes -Wredundant-decls -Wmissing-noreturn -Wshadow -Wendif-labels -Wpointer-arith -Wbad-function-cast -Wcast-qual -Wcast-align -Wwrite-strings -Winline -Wno-unused-parameter -Wstrict-aliasing  conftest.c >&5
conftest.c:91:1: warning: function declaration isn't a prototype [-Wstrict-prototypes]
conftest.c: In function 'main':
conftest.c:91:1: warning: old-style function definition [-Wold-style-definition]
configure:11746: $? = 0
configure:11746: gcc -std=gnu99 -c -g -O2 -pipe -Wall -W -Wextra -pedantic -Wformat -Wold-style-definition -Wdeclaration-after-statement -Wfloat-equal -Wmissing-declarations -Wmissing-prototypes -Wstrict-prototypes -Wredundant-decls -Wmissing-noreturn -Wshadow -Wendif-labels -Wpointer-arith -Wbad-function-cast -Wcast-qual -Wcast-align -Wwrite-strings -Winline -Wno-unused-parameter -Wstrict-aliasing  conftest.c >&5
conftest.c:91:1: warning: function declaration isn't a prototype [-Wstrict-prototypes]
conftest.c: In function 'main':
conftest.c:91:1: warning: old-style function definition [-Wold-style-definition]
conftest.c:93:21: error: expected expression before ')' token
configure:11746: $? = 1
configure: failed program was:
| /* confdefs.h */
| #define PACKAGE_NAME "libdaemon"
| #define PACKAGE_TARNAME "libdaemon"
| #define PACKAGE_VERSION "0.14"
| #define PACKAGE_STRING "libdaemon 0.14"
| #define PACKAGE_BUGREPORT "mzqnrzba (at) 0pointer (dot) de"
| #define PACKAGE_URL ""
| #define PACKAGE "libdaemon"
| #define VERSION "0.14"
| #define STDC_HEADERS 1
| #define HAVE_SYS_TYPES_H 1
| #define HAVE_SYS_STAT_H 1
| #define HAVE_STDLIB_H 1
| #define HAVE_STRING_H 1
| #define HAVE_MEMORY_H 1
| #define HAVE_STRINGS_H 1
| #define HAVE_INTTYPES_H 1
| #define HAVE_STDINT_H 1
| #define HAVE_UNISTD_H 1
| #define __EXTENSIONS__ 1
| #define _ALL_SOURCE 1
| #define _GNU_SOURCE 1
| #define _POSIX_PTHREAD_SEMANTICS 1
| #define _TANDEM_SOURCE 1
| #define HAVE_DLFCN_H 1
| #define LT_OBJDIR ".libs/"
| #define STDC_HEADERS 1
| #define HAVE_FCNTL_H 1
| #define HAVE_LIMITS_H 1
| #define HAVE_STDLIB_H 1
| #define HAVE_STRING_H 1
| #define HAVE_SYSLOG_H 1
| #define HAVE_UNISTD_H 1
| #define HAVE_SYS_IOCTL_H 1
| #define HAVE_SYS_TIME_H 1
| #define HAVE_SYS_WAIT_H 1
| #define TIME_WITH_SYS_TIME 1
| #define HAVE_FORK 1
| #define HAVE_VFORK 1
| #define HAVE_WORKING_VFORK 1
| #define HAVE_WORKING_FORK 1
| #define HAVE_SYS_SELECT_H 1
| #define HAVE_SYS_SOCKET_H 1
| #define SELECT_TYPE_ARG1 int
| #define SELECT_TYPE_ARG234 (fd_set *)
| #define SELECT_TYPE_ARG5 (struct timeval *)
| #define HAVE_VPRINTF 1
| #define HAVE_SELECT 1
| #define HAVE_STRERROR 1
| #define HAVE_DUP2 1
| #define HAVE_MEMSET 1
| #define HAVE_STRRCHR 1
| #define HAVE_ASPRINTF 1
| #define SETPGRP_VOID 1
| #define RETSIGTYPE void
| /* end confdefs.h.  */
| #include <stdio.h>
| #ifdef HAVE_SYS_TYPES_H
| # include <sys/types.h>
| #endif
| #ifdef HAVE_SYS_STAT_H
| # include <sys/stat.h>
| #endif
| #ifdef STDC_HEADERS
| # include <stdlib.h>
| # include <stddef.h>
| #else
| # ifdef HAVE_STDLIB_H
| #  include <stdlib.h>
| # endif
| #endif
| #ifdef HAVE_STRING_H
| # if !defined STDC_HEADERS && defined HAVE_MEMORY_H
| #  include <memory.h>
| # endif
| # include <string.h>
| #endif
| #ifdef HAVE_STRINGS_H
| # include <strings.h>
| #endif
| #ifdef HAVE_INTTYPES_H
| # include <inttypes.h>
| #endif
| #ifdef HAVE_STDINT_H
| # include <stdint.h>
| #endif
| #ifdef HAVE_UNISTD_H
| # include <unistd.h>
| #endif
| int
| main ()
| {
| if (sizeof ((size_t)))
| 	    return 0;
|   ;
|   return 0;
| }
configure:11746: result: yes
configure:11765: checking for special C compiler options needed for large files
configure:11810: result: no
configure:11816: checking for _FILE_OFFSET_BITS value needed for large files
configure:11841: gcc -std=gnu99 -c -g -O2 -pipe -Wall -W -Wextra -pedantic -Wformat -Wold-style-definition -Wdeclaration-after-statement -Wfloat-equal -Wmissing-declarations -Wmissing-prototypes -Wstrict-prototypes -Wredundant-decls -Wmissing-noreturn -Wshadow -Wendif-labels -Wpointer-arith -Wbad-function-cast -Wcast-qual -Wcast-align -Wwrite-strings -Winline -Wno-unused-parameter -Wstrict-aliasing  conftest.c >&5
conftest.c:63:3: warning: left shift count >= width of type [enabled by default]
conftest.c:63:3: warning: left shift count >= width of type [enabled by default]
conftest.c:64:10: warning: left shift count >= width of type [enabled by default]
conftest.c:64:10: warning: left shift count >= width of type [enabled by default]
conftest.c:63:7: error: size of array 'off_t_is_large' is negative
conftest.c:65:9: warning: variably modified 'off_t_is_large' at file scope [enabled by default]
conftest.c:67:1: warning: function declaration isn't a prototype [-Wstrict-prototypes]
conftest.c: In function 'main':
conftest.c:67:1: warning: old-style function definition [-Wold-style-definition]
configure:11841: $? = 1
configure: failed program was:
| /* confdefs.h */
| #define PACKAGE_NAME "libdaemon"
| #define PACKAGE_TARNAME "libdaemon"
| #define PACKAGE_VERSION "0.14"
| #define PACKAGE_STRING "libdaemon 0.14"
| #define PACKAGE_BUGREPORT "mzqnrzba (at) 0pointer (dot) de"
| #define PACKAGE_URL ""
| #define PACKAGE "libdaemon"
| #define VERSION "0.14"
| #define STDC_HEADERS 1
| #define HAVE_SYS_TYPES_H 1
| #define HAVE_SYS_STAT_H 1
| #define HAVE_STDLIB_H 1
| #define HAVE_STRING_H 1
| #define HAVE_MEMORY_H 1
| #define HAVE_STRINGS_H 1
| #define HAVE_INTTYPES_H 1
| #define HAVE_STDINT_H 1
| #define HAVE_UNISTD_H 1
| #define __EXTENSIONS__ 1
| #define _ALL_SOURCE 1
| #define _GNU_SOURCE 1
| #define _POSIX_PTHREAD_SEMANTICS 1
| #define _TANDEM_SOURCE 1
| #define HAVE_DLFCN_H 1
| #define LT_OBJDIR ".libs/"
| #define STDC_HEADERS 1
| #define HAVE_FCNTL_H 1
| #define HAVE_LIMITS_H 1
| #define HAVE_STDLIB_H 1
| #define HAVE_STRING_H 1
| #define HAVE_SYSLOG_H 1
| #define HAVE_UNISTD_H 1
| #define HAVE_SYS_IOCTL_H 1
| #define HAVE_SYS_TIME_H 1
| #define HAVE_SYS_WAIT_H 1
| #define TIME_WITH_SYS_TIME 1
| #define HAVE_FORK 1
| #define HAVE_VFORK 1
| #define HAVE_WORKING_VFORK 1
| #define HAVE_WORKING_FORK 1
| #define HAVE_SYS_SELECT_H 1
| #define HAVE_SYS_SOCKET_H 1
| #define SELECT_TYPE_ARG1 int
| #define SELECT_TYPE_ARG234 (fd_set *)
| #define SELECT_TYPE_ARG5 (struct timeval *)
| #define HAVE_VPRINTF 1
| #define HAVE_SELECT 1
| #define HAVE_STRERROR 1
| #define HAVE_DUP2 1
| #define HAVE_MEMSET 1
| #define HAVE_STRRCHR 1
| #define HAVE_ASPRINTF 1
| #define SETPGRP_VOID 1
| #define RETSIGTYPE void
| /* end confdefs.h.  */
| #include <sys/types.h>
|  /* Check that off_t can represent 2**63 - 1 correctly.
|     We can't simply define LARGE_OFF_T to be 9223372036854775807,
|     since some C++ compilers masquerading as C compilers
|     incorrectly reject 9223372036854775807.  */
| #define LARGE_OFF_T (((off_t) 1 << 62) - 1 + ((off_t) 1 << 62))
|   int off_t_is_large[(LARGE_OFF_T % 2147483629 == 721
| 		       && LARGE_OFF_T % 2147483647 == 1)
| 		      ? 1 : -1];
| int
| main ()
| {
| 
|   ;
|   return 0;
| }
configure:11865: gcc -std=gnu99 -c -g -O2 -pipe -Wall -W -Wextra -pedantic -Wformat -Wold-style-definition -Wdeclaration-after-statement -Wfloat-equal -Wmissing-declarations -Wmissing-prototypes -Wstrict-prototypes -Wredundant-decls -Wmissing-noreturn -Wshadow -Wendif-labels -Wpointer-arith -Wbad-function-cast -Wcast-qual -Wcast-align -Wwrite-strings -Winline -Wno-unused-parameter -Wstrict-aliasing  conftest.c >&5
conftest.c:68:1: warning: function declaration isn't a prototype [-Wstrict-prototypes]
conftest.c: In function 'main':
conftest.c:68:1: warning: old-style function definition [-Wold-style-definition]
configure:11865: $? = 0
configure:11873: result: 64
configure:11965: checking if gcc -std=gnu99 supports -Wl,--no-undefined flag
configure:11976: gcc -std=gnu99 -o conftest -g -O2 -pipe -Wall -W -Wextra -pedantic -Wformat -Wold-style-definition -Wdeclaration-after-statement -Wfloat-equal -Wmissing-declarations -Wmissing-prototypes -Wstrict-prototypes -Wredundant-decls -Wmissing-noreturn -Wshadow -Wendif-labels -Wpointer-arith -Wbad-function-cast -Wcast-qual -Wcast-align -Wwrite-strings -Winline -Wno-unused-parameter -Wstrict-aliasing   -Wl,--no-undefined conftest.c  >&5
conftest.c:58:5: warning: function declaration isn't a prototype [-Wstrict-prototypes]
conftest.c: In function 'main':
conftest.c:58:5: warning: old-style function definition [-Wold-style-definition]
configure:11976: $? = 0
configure:11987: result: yes
configure:12015: checking for lynx
configure:12031: found /usr/bin/lynx
configure:12043: result: yes
configure:12229: creating ./config.status

## ---------------------- ##
## Running config.status. ##
## ---------------------- ##

This file was extended by libdaemon config.status 0.14, which was
generated by GNU Autoconf 2.68.  Invocation command line was

  CONFIG_FILES    = 
  CONFIG_HEADERS  = 
  CONFIG_LINKS    = 
  CONFIG_COMMANDS = 
  $ ./config.status 

on bwcpn

config.status:1127: creating libdaemon/Makefile
config.status:1127: creating Makefile
config.status:1127: creating doc/Makefile
config.status:1127: creating doc/README.html
config.status:1127: creating doc/doxygen.conf
config.status:1127: creating examples/Makefile
config.status:1127: creating pkgconfig/libdaemon.pc
config.status:1127: creating pkgconfig/libdaemon-uninstalled.pc
config.status:1127: creating config.h
config.status:1308: config.h is unchanged
config.status:1356: executing depfiles commands
config.status:1356: executing libtool commands

## ---------------- ##
## Cache variables. ##
## ---------------- ##

ac_cv_build=i686-pc-linux-gnu
ac_cv_c_compiler_gnu=yes
ac_cv_c_const=yes
ac_cv_c_volatile=yes
ac_cv_env_CC_set=
ac_cv_env_CC_value=
ac_cv_env_CFLAGS_set=
ac_cv_env_CFLAGS_value=
ac_cv_env_CPPFLAGS_set=
ac_cv_env_CPPFLAGS_value=
ac_cv_env_CPP_set=
ac_cv_env_CPP_value=
ac_cv_env_LDFLAGS_set=
ac_cv_env_LDFLAGS_value=
ac_cv_env_LIBS_set=
ac_cv_env_LIBS_value=
ac_cv_env_build_alias_set=
ac_cv_env_build_alias_value=
ac_cv_env_host_alias_set=
ac_cv_env_host_alias_value=
ac_cv_env_target_alias_set=
ac_cv_env_target_alias_value=
ac_cv_func__doprnt=no
ac_cv_func_asprintf=yes
ac_cv_func_dup2=yes
ac_cv_func_fork=yes
ac_cv_func_fork_works=yes
ac_cv_func_memset=yes
ac_cv_func_select=yes
ac_cv_func_select_args='int,fd_set *,struct timeval *'
ac_cv_func_setpgrp_void=yes
ac_cv_func_strerror=yes
ac_cv_func_strrchr=yes
ac_cv_func_vfork=yes
ac_cv_func_vfork_works=yes
ac_cv_func_vprintf=yes
ac_cv_header_dlfcn_h=yes
ac_cv_header_fcntl_h=yes
ac_cv_header_inttypes_h=yes
ac_cv_header_limits_h=yes
ac_cv_header_memory_h=yes
ac_cv_header_minix_config_h=no
ac_cv_header_stdc=yes
ac_cv_header_stdint_h=yes
ac_cv_header_stdlib_h=yes
ac_cv_header_string_h=yes
ac_cv_header_strings_h=yes
ac_cv_header_sys_ioctl_h=yes
ac_cv_header_sys_select_h=yes
ac_cv_header_sys_socket_h=yes
ac_cv_header_sys_stat_h=yes
ac_cv_header_sys_time_h=yes
ac_cv_header_sys_types_h=yes
ac_cv_header_sys_wait_h=yes
ac_cv_header_syslog_h=yes
ac_cv_header_time=yes
ac_cv_header_unistd_h=yes
ac_cv_header_vfork_h=no
ac_cv_host=i686-pc-linux-gnu
ac_cv_objext=o
ac_cv_path_EGREP='/bin/grep -E'
ac_cv_path_FGREP='/bin/grep -F'
ac_cv_path_GREP=/bin/grep
ac_cv_path_SED=/bin/sed
ac_cv_path_install='/usr/bin/install -c'
ac_cv_path_mkdir=/bin/mkdir
ac_cv_prog_AWK=gawk
ac_cv_prog_CPP='gcc -std=gnu99 -E'
ac_cv_prog_ac_ct_AR=ar
ac_cv_prog_ac_ct_CC=gcc
ac_cv_prog_ac_ct_OBJDUMP=objdump
ac_cv_prog_ac_ct_RANLIB=ranlib
ac_cv_prog_ac_ct_STRIP=strip
ac_cv_prog_cc_c89=
ac_cv_prog_cc_c99=-std=gnu99
ac_cv_prog_cc_g=yes
ac_cv_prog_cc_gcc_c_o=yes
ac_cv_prog_have_lynx=yes
ac_cv_prog_make_make_set=yes
ac_cv_safe_to_define___extensions__=yes
ac_cv_sys_file_offset_bits=64
ac_cv_sys_largefile_CC=no
ac_cv_type_mode_t=yes
ac_cv_type_pid_t=yes
ac_cv_type_signal=void
ac_cv_type_size_t=yes
am_cv_CC_dependencies_compiler_type=gcc3
am_cv_make_support_nested_variables=yes
cc_cv_cflags__W=yes
cc_cv_cflags__Wall=yes
cc_cv_cflags__Wbad_function_cast=yes
cc_cv_cflags__Wcast_align=yes
cc_cv_cflags__Wcast_qual=yes
cc_cv_cflags__Wdeclaration_after_statement=yes
cc_cv_cflags__Wendif_labels=yes
cc_cv_cflags__Wextra=yes
cc_cv_cflags__Wfloat_equal=yes
cc_cv_cflags__Wformat=yes
cc_cv_cflags__Winline=yes
cc_cv_cflags__Wmissing_declarations=yes
cc_cv_cflags__Wmissing_noreturn=yes
cc_cv_cflags__Wmissing_prototypes=yes
cc_cv_cflags__Wno_unused_parameter=yes
cc_cv_cflags__Wold_style_definition=yes
cc_cv_cflags__Wpointer_arith=yes
cc_cv_cflags__Wredundant_decls=yes
cc_cv_cflags__Wshadow=yes
cc_cv_cflags__Wstrict_aliasing=yes
cc_cv_cflags__Wstrict_prototypes=yes
cc_cv_cflags__Wwrite_strings=yes
cc_cv_cflags__pedantic=yes
cc_cv_cflags__pipe=yes
cc_cv_ldflags__Wl___no_undefined=yes
lt_cv_deplibs_check_method=pass_all
lt_cv_file_magic_cmd='$MAGIC_CMD'
lt_cv_file_magic_test_file=
lt_cv_ld_reload_flag=-r
lt_cv_nm_interface='BSD nm'
lt_cv_objdir=.libs
lt_cv_path_LD=/usr/local/bin/ld
lt_cv_path_NM='/usr/local/bin/nm -B'
lt_cv_prog_compiler_c_o=yes
lt_cv_prog_compiler_pic_works=yes
lt_cv_prog_compiler_rtti_exceptions=no
lt_cv_prog_compiler_static_works=yes
lt_cv_prog_gnu_ld=yes
lt_cv_sys_global_symbol_pipe='sed -n -e '\''s/^.*[	 ]\([ABCDGIRSTW][ABCDGIRSTW]*\)[	 ][	 ]*\([_A-Za-z][_A-Za-z0-9]*\)$/\1 \2 \2/p'\'''
lt_cv_sys_global_symbol_to_c_name_address='sed -n -e '\''s/^: \([^ ]*\) $/  {\"\1\", (void *) 0},/p'\'' -e '\''s/^[ABCDGIRSTW]* \([^ ]*\) \([^ ]*\)$/  {"\2", (void *) \&\2},/p'\'''
lt_cv_sys_global_symbol_to_c_name_address_lib_prefix='sed -n -e '\''s/^: \([^ ]*\) $/  {\"\1\", (void *) 0},/p'\'' -e '\''s/^[ABCDGIRSTW]* \([^ ]*\) \(lib[^ ]*\)$/  {"\2", (void *) \&\2},/p'\'' -e '\''s/^[ABCDGIRSTW]* \([^ ]*\) \([^ ]*\)$/  {"lib\2", (void *) \&\2},/p'\'''
lt_cv_sys_global_symbol_to_cdecl='sed -n -e '\''s/^T .* \(.*\)$/extern int \1();/p'\'' -e '\''s/^[ABCDGIRSTW]* .* \(.*\)$/extern char \1;/p'\'''
lt_cv_sys_max_cmd_len=1572864

## ----------------- ##
## Output variables. ##
## ----------------- ##

ACLOCAL='${SHELL} /work/32work/lorawan/watchdog/libdaemon-0.14/missing --run aclocal-1.11'
AMDEPBACKSLASH='\'
AMDEP_FALSE='#'
AMDEP_TRUE=''
AMTAR='$${TAR-tar}'
AM_BACKSLASH='\'
AM_DEFAULT_V='$(AM_DEFAULT_VERBOSITY)'
AM_DEFAULT_VERBOSITY='0'
AM_V='$(V)'
AR='ar'
AUTOCONF='${SHELL} /work/32work/lorawan/watchdog/libdaemon-0.14/missing --run autoconf'
AUTOHEADER='${SHELL} /work/32work/lorawan/watchdog/libdaemon-0.14/missing --run autoheader'
AUTOMAKE='${SHELL} /work/32work/lorawan/watchdog/libdaemon-0.14/missing --run automake-1.11'
AWK='gawk'
CC='gcc -std=gnu99'
CCDEPMODE='depmode=gcc3'
CFLAGS='-g -O2 -pipe -Wall -W -Wextra -pedantic -Wformat -Wold-style-definition -Wdeclaration-after-statement -Wfloat-equal -Wmissing-declarations -Wmissing-prototypes -Wstrict-prototypes -Wredundant-decls -Wmissing-noreturn -Wshadow -Wendif-labels -Wpointer-arith -Wbad-function-cast -Wcast-qual -Wcast-align -Wwrite-strings -Winline -Wno-unused-parameter -Wstrict-aliasing'
CPP='gcc -std=gnu99 -E'
CPPFLAGS=''
CYGPATH_W='echo'
DEFS='-DHAVE_CONFIG_H'
DEPDIR='.deps'
DSYMUTIL=''
DUMPBIN=''
ECHO_C=''
ECHO_N='-n'
ECHO_T=''
EGREP='/bin/grep -E'
EXAMPLES_FALSE='#'
EXAMPLES_TRUE=''
EXEEXT=''
FGREP='/bin/grep -F'
GREP='/bin/grep'
INSTALL_DATA='${INSTALL} -m 644'
INSTALL_PROGRAM='${INSTALL}'
INSTALL_SCRIPT='${INSTALL}'
INSTALL_STRIP_PROGRAM='$(install_sh) -c -s'
LD='/usr/local/bin/ld'
LDFLAGS=''
LDFLAGS_NOUNDEFINED='-Wl,--no-undefined'
LIBDAEMON_VERSION_INFO='5:0:5'
LIBOBJS=''
LIBS=''
LIBTOOL='$(SHELL) $(top_builddir)/libtool'
LIPO=''
LN_S='ln -s'
LTLIBOBJS=''
MAKEINFO='${SHELL} /work/32work/lorawan/watchdog/libdaemon-0.14/missing --run makeinfo'
MKDIR_P='/bin/mkdir -p'
NM='/usr/local/bin/nm -B'
NMEDIT=''
OBJDUMP='objdump'
OBJEXT='o'
OTOOL64=''
OTOOL=''
PACKAGE='libdaemon'
PACKAGE_BUGREPORT='mzqnrzba (at) 0pointer (dot) de'
PACKAGE_NAME='libdaemon'
PACKAGE_STRING='libdaemon 0.14'
PACKAGE_TARNAME='libdaemon'
PACKAGE_URL='http://0pointer.de/lennart/projects/libdaemon/'
PACKAGE_VERSION='0.14'
PATH_SEPARATOR=':'
RANLIB='ranlib'
SED='/bin/sed'
SET_MAKE=''
SHELL='/bin/bash'
STRIP='strip'
USE_LYNX_FALSE='#'
USE_LYNX_TRUE=''
VERSION='0.14'
ac_ct_CC='gcc'
ac_ct_DUMPBIN=''
am__EXEEXT_FALSE=''
am__EXEEXT_TRUE='#'
am__fastdepCC_FALSE='#'
am__fastdepCC_TRUE=''
am__include='include'
am__isrc=''
am__leading_dot='.'
am__nodep='_no'
am__quote=''
am__tar='$${TAR-tar} chof - "$$tardir"'
am__untar='$${TAR-tar} xf -'
bindir='${exec_prefix}/bin'
build='i686-pc-linux-gnu'
build_alias=''
build_cpu='i686'
build_os='linux-gnu'
build_vendor='pc'
datadir='${datarootdir}'
datarootdir='${prefix}/share'
docdir='${datarootdir}/doc/${PACKAGE_TARNAME}'
dvidir='${docdir}'
exec_prefix='${prefix}'
have_lynx='yes'
host='i686-pc-linux-gnu'
host_alias=''
host_cpu='i686'
host_os='linux-gnu'
host_vendor='pc'
htmldir='${docdir}'
includedir='${prefix}/include'
infodir='${datarootdir}/info'
install_sh='${SHELL} /work/32work/lorawan/watchdog/libdaemon-0.14/install-sh'
libdir='${exec_prefix}/lib'
libexecdir='${exec_prefix}/libexec'
localedir='${datarootdir}/locale'
localstatedir='${prefix}/var'
lt_ECHO='echo'
mandir='${datarootdir}/man'
mkdir_p='/bin/mkdir -p'
oldincludedir='/usr/include'
pdfdir='${docdir}'
prefix='/usr/local'
program_transform_name='s,x,x,'
psdir='${docdir}'
sbindir='${exec_prefix}/sbin'
sharedstatedir='${prefix}/com'
sysconfdir='${prefix}/etc'
target_alias=''

## ----------- ##
## confdefs.h. ##
## ----------- ##

/* confdefs.h */
#define PACKAGE_NAME "libdaemon"
#define PACKAGE_TARNAME "libdaemon"
#define PACKAGE_VERSION "0.14"
#define PACKAGE_STRING "libdaemon 0.14"
#define PACKAGE_BUGREPORT "mzqnrzba (at) 0pointer (dot) de"
#define PACKAGE_URL ""
#define PACKAGE "libdaemon"
#define VERSION "0.14"
#define STDC_HEADERS 1
#define HAVE_SYS_TYPES_H 1
#define HAVE_SYS_STAT_H 1
#define HAVE_STDLIB_H 1
#define HAVE_STRING_H 1
#define HAVE_MEMORY_H 1
#define HAVE_STRINGS_H 1
#define HAVE_INTTYPES_H 1
#define HAVE_STDINT_H 1
#define HAVE_UNISTD_H 1
#define __EXTENSIONS__ 1
#define _ALL_SOURCE 1
#define _GNU_SOURCE 1
#define _POSIX_PTHREAD_SEMANTICS 1
#define _TANDEM_SOURCE 1
#define HAVE_DLFCN_H 1
#define LT_OBJDIR ".libs/"
#define STDC_HEADERS 1
#define HAVE_FCNTL_H 1
#define HAVE_LIMITS_H 1
#define HAVE_STDLIB_H 1
#define HAVE_STRING_H 1
#define HAVE_SYSLOG_H 1
#define HAVE_UNISTD_H 1
#define HAVE_SYS_IOCTL_H 1
#define HAVE_SYS_TIME_H 1
#define HAVE_SYS_WAIT_H 1
#define TIME_WITH_SYS_TIME 1
#define HAVE_FORK 1
#define HAVE_VFORK 1
#define HAVE_WORKING_VFORK 1
#define HAVE_WORKING_FORK 1
#define HAVE_SYS_SELECT_H 1
#define HAVE_SYS_SOCKET_H 1
#define SELECT_TYPE_ARG1 int
#define SELECT_TYPE_ARG234 (fd_set *)
#define SELECT_TYPE_ARG5 (struct timeval *)
#define HAVE_VPRINTF 1
#define HAVE_SELECT 1
#define HAVE_STRERROR 1
#define HAVE_DUP2 1
#define HAVE_MEMSET 1
#define HAVE_STRRCHR 1
#define HAVE_ASPRINTF 1
#define SETPGRP_VOID 1
#define RETSIGTYPE void
#define _FILE_OFFSET_BITS 64

configure: exit 0

## ---------------------- ##
## Running config.status. ##
## ---------------------- ##

This file was extended by libdaemon config.status 0.14, which was
generated by GNU Autoconf 2.68.  Invocation command line was

  CONFIG_FILES    = 
  CONFIG_HEADERS  = 
  CONFIG_LINKS    = 
  CONFIG_COMMANDS = 
  $ ./config.status config.h

on bwcpn

config.status:1127: creating config.h
